#
# There is insufficient memory for the Java Runtime Environment to continue.
# Native memory allocation (malloc) failed to allocate 32744 bytes for ChunkPool::allocate
# Possible reasons:
#   The system is out of physical RAM or swap space
#   The process is running with CompressedOops enabled, and the Java Heap may be blocking the growth of the native heap
# Possible solutions:
#   Reduce memory load on the system
#   Increase physical memory or swap space
#   Check if swap backing store is full
#   Decrease Java heap size (-Xmx/-Xms)
#   Decrease number of Java threads
#   Decrease Java thread stack sizes (-Xss)
#   Set larger code cache with -XX:ReservedCodeCacheSize=
#   JVM is running with Unscaled Compressed Oops mode in which the Java heap is
#     placed in the first 4GB address space. The Java Heap base address is the
#     maximum limit for the native heap growth. Please use -XX:HeapBaseMinAddress
#     to set the Java Heap base and to place the Java Heap above 4GB virtual address.
# This output file may be truncated or incomplete.
#
#  Out of Memory Error (allocation.cpp:272), pid=15728, tid=0x0000000000002e3c
#
# JRE version: Java(TM) SE Runtime Environment (8.0_241-b07) (build 1.8.0_241-b07)
# Java VM: Java HotSpot(TM) 64-Bit Server VM (25.241-b07 mixed mode windows-amd64 compressed oops)
# Failed to write core dump. Minidumps are not enabled by default on client versions of Windows
#

---------------  T H R E A D  ---------------

Current thread (0x00000000176a0800):  JavaThread "C2 CompilerThread1" daemon [_thread_in_native, id=11836, stack(0x0000000018de0000,0x0000000018ee0000)]

Stack: [0x0000000018de0000,0x0000000018ee0000]
[error occurred during error reporting (printing stack bounds), id 0xc0000005]

Native frames: (J=compiled Java code, j=interpreted, Vv=VM code, C=native code)


Current CompileTask:
C2:   3146  402 %     4       projet_grp8.MedianFilter::median5 @ 597 (721 bytes)


---------------  P R O C E S S  ---------------

Java Threads: ( => current thread )
  0x00000000192dd800 JavaThread "Java2D Disposer" daemon [_thread_blocked, id=8076, stack(0x0000000019720000,0x0000000019820000)]
  0x0000000019002800 JavaThread "Service Thread" daemon [_thread_blocked, id=9636, stack(0x00000000193e0000,0x00000000194e0000)]
  0x00000000176a4800 JavaThread "C1 CompilerThread2" daemon [_thread_blocked, id=2112, stack(0x0000000018ee0000,0x0000000018fe0000)]
=>0x00000000176a0800 JavaThread "C2 CompilerThread1" daemon [_thread_in_native, id=11836, stack(0x0000000018de0000,0x0000000018ee0000)]
  0x0000000017697000 JavaThread "C2 CompilerThread0" daemon [_thread_blocked, id=5200, stack(0x0000000018ce0000,0x0000000018de0000)]
  0x0000000017693800 JavaThread "Attach Listener" daemon [_thread_blocked, id=15172, stack(0x0000000018be0000,0x0000000018ce0000)]
  0x0000000017692000 JavaThread "Signal Dispatcher" daemon [_thread_blocked, id=16052, stack(0x0000000018ae0000,0x0000000018be0000)]
  0x0000000002b6a800 JavaThread "Finalizer" daemon [_thread_blocked, id=18584, stack(0x00000000188e0000,0x00000000189e0000)]
  0x0000000002b62000 JavaThread "Reference Handler" daemon [_thread_blocked, id=16424, stack(0x00000000187e0000,0x00000000188e0000)]
  0x00000000009ee800 JavaThread "main" [_thread_in_Java, id=16796, stack(0x0000000002970000,0x0000000002a70000)]

Other Threads:
  0x0000000017657800 VMThread [stack: 0x00000000186e0000,0x00000000187e0000] [id=15020]
  0x000000001902b000 WatcherThread [stack: 0x00000000194e0000,0x00000000195e0000] [id=14072]

VM state:not at safepoint (normal execution)

VM Mutex/Monitor currently owned by a thread: None

heap address: 0x0000000081e00000, size: 2018 MB, Compressed Oops mode: 32-bit
Narrow klass base: 0x0000000000000000, Narrow klass shift: 3
Compressed class space size: 1073741824 Address: 0x0000000100000000

Heap:
 PSYoungGen      total 71680K, used 38636K [0x00000000d5f80000, 0x00000000daa80000, 0x0000000100000000)
  eden space 66560K, 57% used [0x00000000d5f80000,0x00000000d8533010,0x00000000da080000)
  from space 5120K, 0% used [0x00000000da080000,0x00000000da088000,0x00000000da580000)
  to   space 5120K, 0% used [0x00000000da580000,0x00000000da580000,0x00000000daa80000)
 ParOldGen       total 87552K, used 36807K [0x0000000081e00000, 0x0000000087380000, 0x00000000d5f80000)
  object space 87552K, 42% used [0x0000000081e00000,0x00000000841f1ff0,0x0000000087380000)
 Metaspace       used 5051K, capacity 5184K, committed 5248K, reserved 1056768K
  class space    used 555K, capacity 598K, committed 640K, reserved 1048576K

Card table byte_map: [0x0000000011f30000,0x0000000012330000] byte_map_base: 0x0000000011b21000

Marking Bits: (ParMarkBitMap*) 0x00000000695ebe30
 Begin Bits: [0x00000000129e0000, 0x0000000014968000)
 End Bits:   [0x0000000014968000, 0x00000000168f0000)

Polling page: 0x0000000001120000

CodeCache: size=245760Kb used=2639Kb max_used=2651Kb free=243120Kb
 bounds [0x0000000002b70000, 0x0000000002e10000, 0x0000000011b70000]
 total_blobs=709 nmethods=401 adapters=221
 compilation: enabled

Compilation events (10 events):
Event: 2.764 Thread 0x00000000176a4800  398       3       java.awt.image.DirectColorModel::getDataElements (951 bytes)
Event: 2.767 Thread 0x00000000176a4800 nmethod 398 0x0000000002de0ed0 code [0x0000000002de1320, 0x0000000002de33a8]
Event: 2.781 Thread 0x00000000176a0800 nmethod 397 0x0000000002de7d50 code [0x0000000002de8020, 0x0000000002deaa60]
Event: 2.786 Thread 0x00000000176a4800  399 %     3       projet_grp8.MedianFilter::median5 @ 597 (721 bytes)
Event: 2.794 Thread 0x00000000176a4800 nmethod 399% 0x0000000002deddd0 code [0x0000000002dee880, 0x0000000002df7968]
Event: 2.794 Thread 0x00000000176a4800  400       3       projet_grp8.MedianFilter::median5 (721 bytes)
Event: 2.801 Thread 0x0000000017697000  401       4       java.awt.image.DirectColorModel::getDataElements (951 bytes)
Event: 2.803 Thread 0x00000000176a4800 nmethod 400 0x0000000002dfd590 code [0x0000000002dfdfc0, 0x0000000002e06968]
Event: 2.804 Thread 0x00000000176a0800  402 %     4       projet_grp8.MedianFilter::median5 @ 597 (721 bytes)
Event: 2.809 Thread 0x0000000017697000 nmethod 401 0x0000000002dcfbd0 code [0x0000000002dcfd40, 0x0000000002dd02d8]

GC Heap History (10 events):
Event: 2.069 GC heap before
{Heap before GC invocations=13 (full 0):
 PSYoungGen      total 71680K, used 66624K [0x00000000d5f80000, 0x00000000daa80000, 0x0000000100000000)
  eden space 66560K, 100% used [0x00000000d5f80000,0x00000000da080000,0x00000000da080000)
  from space 5120K, 1% used [0x00000000da580000,0x00000000da590000,0x00000000daa80000)
  to   space 5120K, 0% used [0x00000000da080000,0x00000000da080000,0x00000000da580000)
 ParOldGen       total 87552K, used 25202K [0x0000000081e00000, 0x0000000087380000, 0x00000000d5f80000)
  object space 87552K, 28% used [0x0000000081e00000,0x000000008369c930,0x0000000087380000)
 Metaspace       used 5040K, capacity 5184K, committed 5248K, reserved 1056768K
  class space    used 555K, capacity 598K, committed 640K, reserved 1048576K
Event: 2.070 GC heap after
Heap after GC invocations=13 (full 0):
 PSYoungGen      total 71680K, used 2368K [0x00000000d5f80000, 0x00000000daa80000, 0x0000000100000000)
  eden space 66560K, 0% used [0x00000000d5f80000,0x00000000d5f80000,0x00000000da080000)
  from space 5120K, 46% used [0x00000000da080000,0x00000000da2d0000,0x00000000da580000)
  to   space 5120K, 0% used [0x00000000da580000,0x00000000da580000,0x00000000daa80000)
 ParOldGen       total 87552K, used 25202K [0x0000000081e00000, 0x0000000087380000, 0x00000000d5f80000)
  object space 87552K, 28% used [0x0000000081e00000,0x000000008369c930,0x0000000087380000)
 Metaspace       used 5040K, capacity 5184K, committed 5248K, reserved 1056768K
  class space    used 555K, capacity 598K, committed 640K, reserved 1048576K
}
Event: 2.331 GC heap before
{Heap before GC invocations=14 (full 0):
 PSYoungGen      total 71680K, used 68928K [0x00000000d5f80000, 0x00000000daa80000, 0x0000000100000000)
  eden space 66560K, 100% used [0x00000000d5f80000,0x00000000da080000,0x00000000da080000)
  from space 5120K, 46% used [0x00000000da080000,0x00000000da2d0000,0x00000000da580000)
  to   space 5120K, 0% used [0x00000000da580000,0x00000000da580000,0x00000000daa80000)
 ParOldGen       total 87552K, used 25202K [0x0000000081e00000, 0x0000000087380000, 0x00000000d5f80000)
  object space 87552K, 28% used [0x0000000081e00000,0x000000008369c930,0x0000000087380000)
 Metaspace       used 5040K, capacity 5184K, committed 5248K, reserved 1056768K
  class space    used 555K, capacity 598K, committed 640K, reserved 1048576K
Event: 2.333 GC heap after
Heap after GC invocations=14 (full 0):
 PSYoungGen      total 71680K, used 0K [0x00000000d5f80000, 0x00000000daa80000, 0x0000000100000000)
  eden space 66560K, 0% used [0x00000000d5f80000,0x00000000d5f80000,0x00000000da080000)
  from space 5120K, 0% used [0x00000000da580000,0x00000000da580000,0x00000000daa80000)
  to   space 5120K, 0% used [0x00000000da080000,0x00000000da080000,0x00000000da580000)
 ParOldGen       total 87552K, used 27770K [0x0000000081e00000, 0x0000000087380000, 0x00000000d5f80000)
  object space 87552K, 31% used [0x0000000081e00000,0x000000008391e930,0x0000000087380000)
 Metaspace       used 5040K, capacity 5184K, committed 5248K, reserved 1056768K
  class space    used 555K, capacity 598K, committed 640K, reserved 1048576K
}
Event: 2.538 GC heap before
{Heap before GC invocations=15 (full 0):
 PSYoungGen      total 71680K, used 66560K [0x00000000d5f80000, 0x00000000daa80000, 0x0000000100000000)
  eden space 66560K, 100% used [0x00000000d5f80000,0x00000000da080000,0x00000000da080000)
  from space 5120K, 0% used [0x00000000da580000,0x00000000da580000,0x00000000daa80000)
  to   space 5120K, 0% used [0x00000000da080000,0x00000000da080000,0x00000000da580000)
 ParOldGen       total 87552K, used 27770K [0x0000000081e00000, 0x0000000087380000, 0x00000000d5f80000)
  object space 87552K, 31% used [0x0000000081e00000,0x000000008391e930,0x0000000087380000)
 Metaspace       used 5048K, capacity 5184K, committed 5248K, reserved 1056768K
  class space    used 555K, capacity 598K, committed 640K, reserved 1048576K
Event: 2.540 GC heap after
Heap after GC invocations=15 (full 0):
 PSYoungGen      total 71680K, used 4566K [0x00000000d5f80000, 0x00000000daa80000, 0x0000000100000000)
  eden space 66560K, 0% used [0x00000000d5f80000,0x00000000d5f80000,0x00000000da080000)
  from space 5120K, 89% used [0x00000000da080000,0x00000000da4f5b60,0x00000000da580000)
  to   space 5120K, 0% used [0x00000000da580000,0x00000000da580000,0x00000000daa80000)
 ParOldGen       total 87552K, used 27770K [0x0000000081e00000, 0x0000000087380000, 0x00000000d5f80000)
  object space 87552K, 31% used [0x0000000081e00000,0x000000008391e930,0x0000000087380000)
 Metaspace       used 5048K, capacity 5184K, committed 5248K, reserved 1056768K
  class space    used 555K, capacity 598K, committed 640K, reserved 1048576K
}
Event: 2.751 GC heap before
{Heap before GC invocations=16 (full 0):
 PSYoungGen      total 71680K, used 71126K [0x00000000d5f80000, 0x00000000daa80000, 0x0000000100000000)
  eden space 66560K, 100% used [0x00000000d5f80000,0x00000000da080000,0x00000000da080000)
  from space 5120K, 89% used [0x00000000da080000,0x00000000da4f5b60,0x00000000da580000)
  to   space 5120K, 0% used [0x00000000da580000,0x00000000da580000,0x00000000daa80000)
 ParOldGen       total 87552K, used 27770K [0x0000000081e00000, 0x0000000087380000, 0x00000000d5f80000)
  object space 87552K, 31% used [0x0000000081e00000,0x000000008391e930,0x0000000087380000)
 Metaspace       used 5048K, capacity 5184K, committed 5248K, reserved 1056768K
  class space    used 555K, capacity 598K, committed 640K, reserved 1048576K
Event: 2.756 GC heap after
Heap after GC invocations=16 (full 0):
 PSYoungGen      total 71680K, used 2315K [0x00000000d5f80000, 0x00000000daa80000, 0x0000000100000000)
  eden space 66560K, 0% used [0x00000000d5f80000,0x00000000d5f80000,0x00000000da080000)
  from space 5120K, 45% used [0x00000000da580000,0x00000000da7c2db0,0x00000000daa80000)
  to   space 5120K, 0% used [0x00000000da080000,0x00000000da080000,0x00000000da580000)
 ParOldGen       total 87552K, used 32289K [0x0000000081e00000, 0x0000000087380000, 0x00000000d5f80000)
  object space 87552K, 36% used [0x0000000081e00000,0x0000000083d88490,0x0000000087380000)
 Metaspace       used 5048K, capacity 5184K, committed 5248K, reserved 1056768K
  class space    used 555K, capacity 598K, committed 640K, reserved 1048576K
}
Event: 3.016 GC heap before
{Heap before GC invocations=17 (full 0):
 PSYoungGen      total 71680K, used 68875K [0x00000000d5f80000, 0x00000000daa80000, 0x0000000100000000)
  eden space 66560K, 100% used [0x00000000d5f80000,0x00000000da080000,0x00000000da080000)
  from space 5120K, 45% used [0x00000000da580000,0x00000000da7c2db0,0x00000000daa80000)
  to   space 5120K, 0% used [0x00000000da080000,0x00000000da080000,0x00000000da580000)
 ParOldGen       total 87552K, used 32289K [0x0000000081e00000, 0x0000000087380000, 0x00000000d5f80000)
  object space 87552K, 36% used [0x0000000081e00000,0x0000000083d88490,0x0000000087380000)
 Metaspace       used 5051K, capacity 5184K, committed 5248K, reserved 1056768K
  class space    used 555K, capacity 598K, committed 640K, reserved 1048576K
Event: 3.020 GC heap after
Heap after GC invocations=17 (full 0):
 PSYoungGen      total 71680K, used 32K [0x00000000d5f80000, 0x00000000daa80000, 0x0000000100000000)
  eden space 66560K, 0% used [0x00000000d5f80000,0x00000000d5f80000,0x00000000da080000)
  from space 5120K, 0% used [0x00000000da080000,0x00000000da088000,0x00000000da580000)
  to   space 5120K, 0% used [0x00000000da580000,0x00000000da580000,0x00000000daa80000)
 ParOldGen       total 87552K, used 36807K [0x0000000081e00000, 0x0000000087380000, 0x00000000d5f80000)
  object space 87552K, 42% used [0x0000000081e00000,0x00000000841f1ff0,0x0000000087380000)
 Metaspace       used 5051K, capacity 5184K, committed 5248K, reserved 1056768K
  class space    used 555K, capacity 598K, committed 640K, reserved 1048576K
}

Deoptimization events (10 events):
Event: 2.364 Thread 0x00000000009ee800 Uncommon trap: reason=class_check action=maybe_recompile pc=0x0000000002d51fe4 method=java.awt.image.BufferedImage.setRGB(III)V @ 12
Event: 2.364 Thread 0x00000000009ee800 Uncommon trap: reason=class_check action=maybe_recompile pc=0x0000000002d51fe4 method=java.awt.image.BufferedImage.setRGB(III)V @ 12
Event: 2.451 Thread 0x00000000009ee800 Uncommon trap: reason=unstable_if action=reinterpret pc=0x0000000002dc54e4 method=projet_grp8.Sobel.sobel(Ljava/awt/image/BufferedImage;)Ljava/awt/image/BufferedImage; @ 424
Event: 2.480 Thread 0x00000000009ee800 Uncommon trap: reason=unstable_if action=reinterpret pc=0x0000000002d5962c method=projet_grp8.ImgController.inverseBinary(Ljava/awt/image/BufferedImage;)Ljava/awt/image/BufferedImage; @ 143
Event: 2.593 Thread 0x00000000009ee800 Uncommon trap: reason=unstable_if action=reinterpret pc=0x0000000002d3b914 method=java.awt.image.DirectColorModel.getAlpha(I)I @ 4
Event: 2.593 Thread 0x00000000009ee800 Uncommon trap: reason=unstable_if action=reinterpret pc=0x0000000002dc8d2c method=java.awt.image.DirectColorModel.getAlpha(I)I @ 4
Event: 2.593 Thread 0x00000000009ee800 Uncommon trap: reason=unstable_if action=reinterpret pc=0x0000000002d2c360 method=java.awt.image.DirectColorModel.getAlpha(I)I @ 4
Event: 2.596 Thread 0x00000000009ee800 Uncommon trap: reason=unstable_if action=reinterpret pc=0x0000000002d3e5e8 method=java.awt.image.DirectColorModel.getAlpha(I)I @ 4
Event: 2.763 Thread 0x00000000009ee800 Uncommon trap: reason=unstable_if action=reinterpret pc=0x0000000002dd7250 method=projet_grp8.MedianFilter.createBorder(Ljava/awt/image/BufferedImage;)Ljava/awt/image/BufferedImage; @ 254
Event: 2.763 Thread 0x00000000009ee800 Uncommon trap: reason=unstable_if action=reinterpret pc=0x0000000002d65838 method=java.awt.image.DirectColorModel.getDataElements(ILjava/lang/Object;)Ljava/lang/Object; @ 41

Classes redefined (0 events):
No events

Internal exceptions (9 events):
Event: 0.068 Thread 0x00000000009ee800 Exception <a 'java/lang/NoSuchMethodError': Method sun.misc.Unsafe.defineClass(Ljava/lang/String;[BII)Ljava/lang/Class; name or signature does not match> (0x00000000d5f87cc0) thrown at [C:\ade\jenkins\workspace\8-2-build-windows-amd64-cygwin\jdk8u241\331\
Event: 0.068 Thread 0x00000000009ee800 Exception <a 'java/lang/NoSuchMethodError': Method sun.misc.Unsafe.prefetchRead(Ljava/lang/Object;J)V name or signature does not match> (0x00000000d5f87fa8) thrown at [C:\ade\jenkins\workspace\8-2-build-windows-amd64-cygwin\jdk8u241\331\hotspot\src\share\
Event: 0.194 Thread 0x00000000009ee800 Exception <a 'java/security/PrivilegedActionException'> (0x00000000d600da90) thrown at [C:\ade\jenkins\workspace\8-2-build-windows-amd64-cygwin\jdk8u241\331\hotspot\src\share\vm\prims\jvm.cpp, line 1502]
Event: 0.194 Thread 0x00000000009ee800 Exception <a 'java/security/PrivilegedActionException'> (0x00000000d600de88) thrown at [C:\ade\jenkins\workspace\8-2-build-windows-amd64-cygwin\jdk8u241\331\hotspot\src\share\vm\prims\jvm.cpp, line 1502]
Event: 0.197 Thread 0x00000000009ee800 Exception <a 'java/security/PrivilegedActionException'> (0x00000000d6011f80) thrown at [C:\ade\jenkins\workspace\8-2-build-windows-amd64-cygwin\jdk8u241\331\hotspot\src\share\vm\prims\jvm.cpp, line 1502]
Event: 0.197 Thread 0x00000000009ee800 Exception <a 'java/security/PrivilegedActionException'> (0x00000000d6012378) thrown at [C:\ade\jenkins\workspace\8-2-build-windows-amd64-cygwin\jdk8u241\331\hotspot\src\share\vm\prims\jvm.cpp, line 1502]
Event: 0.203 Thread 0x00000000009ee800 Exception <a 'java/io/FileNotFoundException'> (0x00000000d60145a8) thrown at [C:\ade\jenkins\workspace\8-2-build-windows-amd64-cygwin\jdk8u241\331\hotspot\src\share\vm\prims\jni.cpp, line 710]
Event: 0.289 Thread 0x00000000009ee800 Exception <a 'java/lang/NoSuchFieldError': method resolution failed> (0x00000000d618b900) thrown at [C:\ade\jenkins\workspace\8-2-build-windows-amd64-cygwin\jdk8u241\331\hotspot\src\share\vm\prims\methodHandles.cpp, line 1167]
Event: 0.297 Thread 0x00000000009ee800 Exception <a 'java/lang/NoSuchFieldError': method resolution failed> (0x00000000d61990a0) thrown at [C:\ade\jenkins\workspace\8-2-build-windows-amd64-cygwin\jdk8u241\331\hotspot\src\share\vm\prims\methodHandles.cpp, line 1167]

Events (10 events):
Event: 2.751 Executing VM operation: ParallelGCFailedAllocation
Event: 2.757 Executing VM operation: ParallelGCFailedAllocation done
Event: 2.763 Thread 0x00000000009ee800 Uncommon trap: trap_request=0xffffff65 fr.pc=0x0000000002dd7250
Event: 2.763 Thread 0x00000000009ee800 DEOPT PACKING pc=0x0000000002dd7250 sp=0x0000000002a6efe0
Event: 2.763 Thread 0x00000000009ee800 DEOPT UNPACKING pc=0x0000000002bb583b sp=0x0000000002a6efa0 mode 2
Event: 2.763 Thread 0x00000000009ee800 Uncommon trap: trap_request=0xffffff65 fr.pc=0x0000000002d65838
Event: 2.763 Thread 0x00000000009ee800 DEOPT PACKING pc=0x0000000002d65838 sp=0x0000000002a6efc0
Event: 2.763 Thread 0x00000000009ee800 DEOPT UNPACKING pc=0x0000000002bb583b sp=0x0000000002a6ef30 mode 2
Event: 3.016 Executing VM operation: ParallelGCFailedAllocation
Event: 3.020 Executing VM operation: ParallelGCFailedAllocation done


Dynamic libraries:
0x00007ff632300000 - 0x00007ff632337000 	C:\Program Files\Java\jdk1.8.0_241\bin\javaw.exe
0x00007ff813be0000 - 0x00007ff813dd0000 	C:\WINDOWS\SYSTEM32\ntdll.dll
0x00007ff812920000 - 0x00007ff8129d2000 	C:\WINDOWS\System32\KERNEL32.DLL
0x00007ff810de0000 - 0x00007ff811083000 	C:\WINDOWS\System32\KERNELBASE.dll
0x00007ff812d90000 - 0x00007ff812e33000 	C:\WINDOWS\System32\ADVAPI32.dll
0x00007ff8139e0000 - 0x00007ff813a7e000 	C:\WINDOWS\System32\msvcrt.dll
0x00007ff812cf0000 - 0x00007ff812d87000 	C:\WINDOWS\System32\sechost.dll
0x00007ff812b50000 - 0x00007ff812c70000 	C:\WINDOWS\System32\RPCRT4.dll
0x00007ff813790000 - 0x00007ff813924000 	C:\WINDOWS\System32\USER32.dll
0x00007ff811090000 - 0x00007ff8110b1000 	C:\WINDOWS\System32\win32u.dll
0x00007ff812ea0000 - 0x00007ff812ec6000 	C:\WINDOWS\System32\GDI32.dll
0x00007ff811270000 - 0x00007ff811404000 	C:\WINDOWS\System32\gdi32full.dll
0x00007ff8111d0000 - 0x00007ff81126e000 	C:\WINDOWS\System32\msvcp_win.dll
0x00007ff811410000 - 0x00007ff81150a000 	C:\WINDOWS\System32\ucrtbase.dll
0x00007ffff3480000 - 0x00007ffff3705000 	C:\WINDOWS\WinSxS\amd64_microsoft.windows.common-controls_6595b64144ccf1df_6.0.18362.778_none_e6c6b761130d4fb8\COMCTL32.dll
0x00007ff811db0000 - 0x00007ff8120e6000 	C:\WINDOWS\System32\combase.dll
0x00007ff811150000 - 0x00007ff8111d0000 	C:\WINDOWS\System32\bcryptPrimitives.dll
0x00007ff8129e0000 - 0x00007ff812a0e000 	C:\WINDOWS\System32\IMM32.DLL
0x000000006a1e0000 - 0x000000006a2b2000 	C:\Program Files\Java\jdk1.8.0_241\jre\bin\msvcr100.dll
0x0000000068dc0000 - 0x000000006966c000 	C:\Program Files\Java\jdk1.8.0_241\jre\bin\server\jvm.dll
0x00007ff813a80000 - 0x00007ff813a88000 	C:\WINDOWS\System32\PSAPI.DLL
0x00007ff807ae0000 - 0x00007ff807b04000 	C:\WINDOWS\SYSTEM32\WINMM.dll
0x00007ffff4ae0000 - 0x00007ffff4ae9000 	C:\WINDOWS\SYSTEM32\WSOCK32.dll
0x00007ff80a740000 - 0x00007ff80a74a000 	C:\WINDOWS\SYSTEM32\VERSION.dll
0x00007ff811d40000 - 0x00007ff811daf000 	C:\WINDOWS\System32\WS2_32.dll
0x00007ff807ab0000 - 0x00007ff807add000 	C:\WINDOWS\SYSTEM32\WINMMBASE.dll
0x00007ff810d90000 - 0x00007ff810dda000 	C:\WINDOWS\System32\cfgmgr32.dll
0x00007ff80bb00000 - 0x00007ff80bb0f000 	C:\Program Files\Java\jdk1.8.0_241\jre\bin\verify.dll
0x00007ff809cf0000 - 0x00007ff809d19000 	C:\Program Files\Java\jdk1.8.0_241\jre\bin\java.dll
0x00007ff807540000 - 0x00007ff807556000 	C:\Program Files\Java\jdk1.8.0_241\jre\bin\zip.dll
0x00007ff813030000 - 0x00007ff813715000 	C:\WINDOWS\System32\SHELL32.dll
0x00007ff813930000 - 0x00007ff8139d9000 	C:\WINDOWS\System32\shcore.dll
0x00007ff811510000 - 0x00007ff811c90000 	C:\WINDOWS\System32\windows.storage.dll
0x00007ff810af0000 - 0x00007ff810b13000 	C:\WINDOWS\System32\profapi.dll
0x00007ff810b20000 - 0x00007ff810b6a000 	C:\WINDOWS\System32\powrprof.dll
0x00007ff810aa0000 - 0x00007ff810ab0000 	C:\WINDOWS\System32\UMPDC.dll
0x00007ff813730000 - 0x00007ff813782000 	C:\WINDOWS\System32\shlwapi.dll
0x00007ff810ad0000 - 0x00007ff810ae1000 	C:\WINDOWS\System32\kernel.appcore.dll
0x00007ff810cc0000 - 0x00007ff810cd7000 	C:\WINDOWS\System32\cryptsp.dll
0x00007fffced90000 - 0x00007fffcef2a000 	C:\Program Files\Java\jdk1.8.0_241\jre\bin\awt.dll
0x00007ff812a10000 - 0x00007ff812ad4000 	C:\WINDOWS\System32\OLEAUT32.dll
0x00007ff80e900000 - 0x00007ff80e98f000 	C:\WINDOWS\SYSTEM32\apphelp.dll
0x00007ff804d90000 - 0x00007ff804dc1000 	C:\Program Files\Java\jdk1.8.0_241\jre\bin\jpeg.dll

VM Arguments:
jvm_args: -Dfile.encoding=Cp1252 
java_command: projet_grp8.Main
java_class_path (initial): C:\Users\willy\git\Projet_Image_Grp8\bin
Launcher Type: SUN_STANDARD

Environment Variables:
JAVA_HOME=C:\Program Files\Java\jdk-12.0.2
PATH=C:/Program Files/Java/jre1.8.0_201/bin/server;C:/Program Files/Java/jre1.8.0_201/bin;C:/Program Files/Java/jre1.8.0_201/lib/amd64;C:\Program Files (x86)\Common Files\Oracle\Java\javapath;C:\WINDOWS\system32;C:\WINDOWS;C:\WINDOWS\System32\Wbem;C:\WINDOWS\System32\WindowsPowerShell\v1.0\;C:\WINDOWS\System32\OpenSSH\;C:\Program Files\Microsoft VS Code\bin;C:\MinGW64\bin;C:\Program Files\TortoiseSVN\bin;C:\Program Files (x86)\Intel\Intel(R) Management Engine Components\DAL;C:\Program Files\Intel\Intel(R) Management Engine Components\DAL;C:\Program Files\Intel\WiFi\bin\;C:\Program Files\Common Files\Intel\WirelessCommon\;C:\Program Files\nodejs\;C:\Mallet;C:\Program Files\MySQL\MySQL Shell 8.0\bin\;C:\Users\willy\AppData\Local\Microsoft\WindowsApps;C:\Program Files\Intel\WiFi\bin\;C:\Program Files\Common Files\Intel\WirelessCommon\;C:\Program Files\Microsoft VS Code\bin;C:\Users\willy\AppData\Roaming\Dashlane\5.15.1.22107\bin\Firefox_Extension\{442718d9-475e-452a-b3e1-fb1ee16b8e9f}\components;C:\Users\willy\AppData\Roaming\Dashlane\5.15.1.22107\ucrt;C:\Users\willy\AppData\Local\Microsoft\WindowsApps;C:\Users\willy\AppData\Roaming\npm;C:\Program Files\Java\jdk-12.0.2\bin;C:\Program Files\apache-maven-3.6.3\bin;C:\Mallet;;C:\WINDOWS\System32;
USERNAME=willy
OS=Windows_NT
PROCESSOR_IDENTIFIER=Intel64 Family 6 Model 78 Stepping 3, GenuineIntel



---------------  S Y S T E M  ---------------

OS: Windows 10.0 , 64 bit Build 18362 (10.0.18362.778)

CPU:total 4 (initial active 4) (2 cores per cpu, 2 threads per core) family 6 model 78 stepping 3, cmov, cx8, fxsr, mmx, sse, sse2, sse3, ssse3, sse4.1, sse4.2, popcnt, avx, avx2, aes, clmul, erms, rtm, 3dnowpref, lzcnt, ht, tsc, tscinvbit, bmi1, bmi2, adx

Memory: 4k page, physical 8260800k(1040844k free), swap 33426624k(4560k free)

vm_info: Java HotSpot(TM) 64-Bit Server VM (25.241-b07) for windows-amd64 JRE (1.8.0_241-b07), built on Dec 11 2019 10:21:40 by "rejava" with MS VC++ 10.0 (VS2010)

time: Sat Apr 18 22:10:29 2020
timezone: Romance Daylight Time
elapsed time: 3 seconds (0d 0h 0m 3s)

