#
# There is insufficient memory for the Java Runtime Environment to continue.
# Native memory allocation (malloc) failed to allocate 421376 bytes for Chunk::new
# Possible reasons:
#   The system is out of physical RAM or swap space
#   The process is running with CompressedOops enabled, and the Java Heap may be blocking the growth of the native heap
# Possible solutions:
#   Reduce memory load on the system
#   Increase physical memory or swap space
#   Check if swap backing store is full
#   Decrease Java heap size (-Xmx/-Xms)
#   Decrease number of Java threads
#   Decrease Java thread stack sizes (-Xss)
#   Set larger code cache with -XX:ReservedCodeCacheSize=
#   JVM is running with Unscaled Compressed Oops mode in which the Java heap is
#     placed in the first 4GB address space. The Java Heap base address is the
#     maximum limit for the native heap growth. Please use -XX:HeapBaseMinAddress
#     to set the Java Heap base and to place the Java Heap above 4GB virtual address.
# This output file may be truncated or incomplete.
#
#  Out of Memory Error (allocation.cpp:389), pid=10164, tid=0x0000000000000a20
#
# JRE version: Java(TM) SE Runtime Environment (8.0_241-b07) (build 1.8.0_241-b07)
# Java VM: Java HotSpot(TM) 64-Bit Server VM (25.241-b07 mixed mode windows-amd64 compressed oops)
# Failed to write core dump. Minidumps are not enabled by default on client versions of Windows
#

---------------  T H R E A D  ---------------

Current thread (0x000000001765d800):  JavaThread "C2 CompilerThread1" daemon [_thread_in_native, id=2592, stack(0x0000000019150000,0x0000000019250000)]

Stack: [0x0000000019150000,0x0000000019250000]
[error occurred during error reporting (printing stack bounds), id 0xc0000005]

Native frames: (J=compiled Java code, j=interpreted, Vv=VM code, C=native code)


Current CompileTask:
C2:   4626  375       4       projet_grp8.MedianFilter::median (348 bytes)


---------------  P R O C E S S  ---------------

Java Threads: ( => current thread )
  0x00000000190f1000 JavaThread "Java2D Disposer" daemon [_thread_blocked, id=12232, stack(0x0000000019690000,0x0000000019790000)]
  0x0000000018d57000 JavaThread "Service Thread" daemon [_thread_blocked, id=15256, stack(0x0000000019350000,0x0000000019450000)]
  0x0000000018d52800 JavaThread "C1 CompilerThread2" daemon [_thread_blocked, id=14052, stack(0x0000000019250000,0x0000000019350000)]
=>0x000000001765d800 JavaThread "C2 CompilerThread1" daemon [_thread_in_native, id=2592, stack(0x0000000019150000,0x0000000019250000)]
  0x0000000017607000 JavaThread "C2 CompilerThread0" daemon [_thread_blocked, id=2768, stack(0x0000000018c50000,0x0000000018d50000)]
  0x0000000017604000 JavaThread "Attach Listener" daemon [_thread_blocked, id=13824, stack(0x0000000018b50000,0x0000000018c50000)]
  0x0000000017602800 JavaThread "Signal Dispatcher" daemon [_thread_blocked, id=8380, stack(0x0000000018a50000,0x0000000018b50000)]
  0x0000000002adb800 JavaThread "Finalizer" daemon [_thread_blocked, id=18220, stack(0x0000000018850000,0x0000000018950000)]
  0x0000000002ad2000 JavaThread "Reference Handler" daemon [_thread_blocked, id=5592, stack(0x0000000018750000,0x0000000018850000)]
  0x00000000007fe800 JavaThread "main" [_thread_in_Java, id=14060, stack(0x00000000028e0000,0x00000000029e0000)]

Other Threads:
  0x00000000175c7800 VMThread [stack: 0x0000000018650000,0x0000000018750000] [id=448]
  0x0000000018d5a800 WatcherThread [stack: 0x0000000019450000,0x0000000019550000] [id=7548]

VM state:not at safepoint (normal execution)

VM Mutex/Monitor currently owned by a thread: None

heap address: 0x0000000081e00000, size: 2018 MB, Compressed Oops mode: 32-bit
Narrow klass base: 0x0000000000000000, Narrow klass shift: 3
Compressed class space size: 1073741824 Address: 0x0000000100000000

Heap:
 PSYoungGen      total 47616K, used 6483K [0x00000000d5f80000, 0x00000000d9780000, 0x0000000100000000)
  eden space 46080K, 14% used [0x00000000d5f80000,0x00000000d65cccd8,0x00000000d8c80000)
  from space 1536K, 2% used [0x00000000d8c80000,0x00000000d8c88000,0x00000000d8e00000)
  to   space 1024K, 0% used [0x00000000d9680000,0x00000000d9680000,0x00000000d9780000)
 ParOldGen       total 87552K, used 15052K [0x0000000081e00000, 0x0000000087380000, 0x00000000d5f80000)
  object space 87552K, 17% used [0x0000000081e00000,0x0000000082cb31a8,0x0000000087380000)
 Metaspace       used 5278K, capacity 5460K, committed 5504K, reserved 1056768K
  class space    used 574K, capacity 630K, committed 640K, reserved 1048576K

Card table byte_map: [0x0000000011ea0000,0x00000000122a0000] byte_map_base: 0x0000000011a91000

Marking Bits: (ParMarkBitMap*) 0x000000006950be30
 Begin Bits: [0x0000000012950000, 0x00000000148d8000)
 End Bits:   [0x00000000148d8000, 0x0000000016860000)

Polling page: 0x0000000000c30000

CodeCache: size=245760Kb used=2334Kb max_used=2349Kb free=243425Kb
 bounds [0x0000000002ae0000, 0x0000000002d50000, 0x0000000011ae0000]
 total_blobs=681 nmethods=374 adapters=220
 compilation: enabled

Compilation events (10 events):
Event: 4.517 Thread 0x0000000018d52800  368       2       sun.awt.image.ByteInterleavedRaster::setDataElements (119 bytes)
Event: 4.517 Thread 0x0000000018d52800 nmethod 368 0x0000000002cc04d0 code [0x0000000002cc0660, 0x0000000002cc09a8]
Event: 4.518 Thread 0x0000000017607000  372       4       sun.awt.image.ByteInterleavedRaster::setDataElements (119 bytes)
Event: 4.524 Thread 0x0000000017607000 nmethod 372 0x0000000002cd6d50 code [0x0000000002cd6ea0, 0x0000000002cd7158]
Event: 4.530 Thread 0x0000000017607000  373 %     4       projet_grp8.Sobel::sobel @ 356 (459 bytes)
Event: 4.536 Thread 0x000000001765d800 nmethod 371 0x0000000002cd7cd0 code [0x0000000002cd7e40, 0x0000000002cd8798]
Event: 4.550 Thread 0x0000000017607000 nmethod 373% 0x0000000002d2e350 code [0x0000000002d2e500, 0x0000000002d2f658]
Event: 4.587 Thread 0x0000000018d52800  374       1       java.nio.Buffer::position (5 bytes)
Event: 4.587 Thread 0x0000000018d52800 nmethod 374 0x0000000002cc8550 code [0x0000000002cc86a0, 0x0000000002cc87b0]
Event: 4.589 Thread 0x000000001765d800  375       4       projet_grp8.MedianFilter::median (348 bytes)

GC Heap History (10 events):
Event: 3.890 GC heap before
{Heap before GC invocations=63 (full 0):
 PSYoungGen      total 47616K, used 44608K [0x00000000d5f80000, 0x00000000d9100000, 0x0000000100000000)
  eden space 44544K, 100% used [0x00000000d5f80000,0x00000000d8b00000,0x00000000d8b00000)
  from space 3072K, 2% used [0x00000000d8e00000,0x00000000d8e10000,0x00000000d9100000)
  to   space 3072K, 0% used [0x00000000d8b00000,0x00000000d8b00000,0x00000000d8e00000)
 ParOldGen       total 87552K, used 12492K [0x0000000081e00000, 0x0000000087380000, 0x00000000d5f80000)
  object space 87552K, 14% used [0x0000000081e00000,0x0000000082a331a8,0x0000000087380000)
 Metaspace       used 5268K, capacity 5460K, committed 5504K, reserved 1056768K
  class space    used 574K, capacity 630K, committed 640K, reserved 1048576K
Event: 3.893 GC heap after
Heap after GC invocations=63 (full 0):
 PSYoungGen      total 47616K, used 32K [0x00000000d5f80000, 0x00000000d9100000, 0x0000000100000000)
  eden space 44544K, 0% used [0x00000000d5f80000,0x00000000d5f80000,0x00000000d8b00000)
  from space 3072K, 1% used [0x00000000d8b00000,0x00000000d8b08000,0x00000000d8e00000)
  to   space 3072K, 0% used [0x00000000d8e00000,0x00000000d8e00000,0x00000000d9100000)
 ParOldGen       total 87552K, used 12492K [0x0000000081e00000, 0x0000000087380000, 0x00000000d5f80000)
  object space 87552K, 14% used [0x0000000081e00000,0x0000000082a331a8,0x0000000087380000)
 Metaspace       used 5268K, capacity 5460K, committed 5504K, reserved 1056768K
  class space    used 574K, capacity 630K, committed 640K, reserved 1048576K
}
Event: 4.053 GC heap before
{Heap before GC invocations=64 (full 0):
 PSYoungGen      total 47616K, used 44576K [0x00000000d5f80000, 0x00000000d9100000, 0x0000000100000000)
  eden space 44544K, 100% used [0x00000000d5f80000,0x00000000d8b00000,0x00000000d8b00000)
  from space 3072K, 1% used [0x00000000d8b00000,0x00000000d8b08000,0x00000000d8e00000)
  to   space 3072K, 0% used [0x00000000d8e00000,0x00000000d8e00000,0x00000000d9100000)
 ParOldGen       total 87552K, used 12492K [0x0000000081e00000, 0x0000000087380000, 0x00000000d5f80000)
  object space 87552K, 14% used [0x0000000081e00000,0x0000000082a331a8,0x0000000087380000)
 Metaspace       used 5272K, capacity 5460K, committed 5504K, reserved 1056768K
  class space    used 574K, capacity 630K, committed 640K, reserved 1048576K
Event: 4.055 GC heap after
Heap after GC invocations=64 (full 0):
 PSYoungGen      total 47616K, used 2400K [0x00000000d5f80000, 0x00000000d9100000, 0x0000000100000000)
  eden space 44544K, 0% used [0x00000000d5f80000,0x00000000d5f80000,0x00000000d8b00000)
  from space 3072K, 78% used [0x00000000d8e00000,0x00000000d9058000,0x00000000d9100000)
  to   space 3072K, 0% used [0x00000000d8b00000,0x00000000d8b00000,0x00000000d8e00000)
 ParOldGen       total 87552K, used 12492K [0x0000000081e00000, 0x0000000087380000, 0x00000000d5f80000)
  object space 87552K, 14% used [0x0000000081e00000,0x0000000082a331a8,0x0000000087380000)
 Metaspace       used 5272K, capacity 5460K, committed 5504K, reserved 1056768K
  class space    used 574K, capacity 630K, committed 640K, reserved 1048576K
}
Event: 4.294 GC heap before
{Heap before GC invocations=65 (full 0):
 PSYoungGen      total 47616K, used 46944K [0x00000000d5f80000, 0x00000000d9100000, 0x0000000100000000)
  eden space 44544K, 100% used [0x00000000d5f80000,0x00000000d8b00000,0x00000000d8b00000)
  from space 3072K, 78% used [0x00000000d8e00000,0x00000000d9058000,0x00000000d9100000)
  to   space 3072K, 0% used [0x00000000d8b00000,0x00000000d8b00000,0x00000000d8e00000)
 ParOldGen       total 87552K, used 12492K [0x0000000081e00000, 0x0000000087380000, 0x00000000d5f80000)
  object space 87552K, 14% used [0x0000000081e00000,0x0000000082a331a8,0x0000000087380000)
 Metaspace       used 5272K, capacity 5460K, committed 5504K, reserved 1056768K
  class space    used 574K, capacity 630K, committed 640K, reserved 1048576K
Event: 4.297 GC heap after
Heap after GC invocations=65 (full 0):
 PSYoungGen      total 47616K, used 0K [0x00000000d5f80000, 0x00000000d9100000, 0x0000000100000000)
  eden space 44544K, 0% used [0x00000000d5f80000,0x00000000d5f80000,0x00000000d8b00000)
  from space 3072K, 0% used [0x00000000d8b00000,0x00000000d8b00000,0x00000000d8e00000)
  to   space 3072K, 0% used [0x00000000d8e00000,0x00000000d8e00000,0x00000000d9100000)
 ParOldGen       total 87552K, used 15052K [0x0000000081e00000, 0x0000000087380000, 0x00000000d5f80000)
  object space 87552K, 17% used [0x0000000081e00000,0x0000000082cb31a8,0x0000000087380000)
 Metaspace       used 5272K, capacity 5460K, committed 5504K, reserved 1056768K
  class space    used 574K, capacity 630K, committed 640K, reserved 1048576K
}
Event: 4.449 GC heap before
{Heap before GC invocations=66 (full 0):
 PSYoungGen      total 47616K, used 44544K [0x00000000d5f80000, 0x00000000d9100000, 0x0000000100000000)
  eden space 44544K, 100% used [0x00000000d5f80000,0x00000000d8b00000,0x00000000d8b00000)
  from space 3072K, 0% used [0x00000000d8b00000,0x00000000d8b00000,0x00000000d8e00000)
  to   space 3072K, 0% used [0x00000000d8e00000,0x00000000d8e00000,0x00000000d9100000)
 ParOldGen       total 87552K, used 15052K [0x0000000081e00000, 0x0000000087380000, 0x00000000d5f80000)
  object space 87552K, 17% used [0x0000000081e00000,0x0000000082cb31a8,0x0000000087380000)
 Metaspace       used 5272K, capacity 5460K, committed 5504K, reserved 1056768K
  class space    used 574K, capacity 630K, committed 640K, reserved 1048576K
Event: 4.449 GC heap after
Heap after GC invocations=66 (full 0):
 PSYoungGen      total 49152K, used 0K [0x00000000d5f80000, 0x00000000d9700000, 0x0000000100000000)
  eden space 46080K, 0% used [0x00000000d5f80000,0x00000000d5f80000,0x00000000d8c80000)
  from space 3072K, 0% used [0x00000000d8e00000,0x00000000d8e00000,0x00000000d9100000)
  to   space 1536K, 0% used [0x00000000d8c80000,0x00000000d8c80000,0x00000000d8e00000)
 ParOldGen       total 87552K, used 15052K [0x0000000081e00000, 0x0000000087380000, 0x00000000d5f80000)
  object space 87552K, 17% used [0x0000000081e00000,0x0000000082cb31a8,0x0000000087380000)
 Metaspace       used 5272K, capacity 5460K, committed 5504K, reserved 1056768K
  class space    used 574K, capacity 630K, committed 640K, reserved 1048576K
}
Event: 4.584 GC heap before
{Heap before GC invocations=67 (full 0):
 PSYoungGen      total 49152K, used 46080K [0x00000000d5f80000, 0x00000000d9700000, 0x0000000100000000)
  eden space 46080K, 100% used [0x00000000d5f80000,0x00000000d8c80000,0x00000000d8c80000)
  from space 3072K, 0% used [0x00000000d8e00000,0x00000000d8e00000,0x00000000d9100000)
  to   space 1536K, 0% used [0x00000000d8c80000,0x00000000d8c80000,0x00000000d8e00000)
 ParOldGen       total 87552K, used 15052K [0x0000000081e00000, 0x0000000087380000, 0x00000000d5f80000)
  object space 87552K, 17% used [0x0000000081e00000,0x0000000082cb31a8,0x0000000087380000)
 Metaspace       used 5278K, capacity 5460K, committed 5504K, reserved 1056768K
  class space    used 574K, capacity 630K, committed 640K, reserved 1048576K
Event: 4.585 GC heap after
Heap after GC invocations=67 (full 0):
 PSYoungGen      total 47616K, used 32K [0x00000000d5f80000, 0x00000000d9780000, 0x0000000100000000)
  eden space 46080K, 0% used [0x00000000d5f80000,0x00000000d5f80000,0x00000000d8c80000)
  from space 1536K, 2% used [0x00000000d8c80000,0x00000000d8c88000,0x00000000d8e00000)
  to   space 1024K, 0% used [0x00000000d9680000,0x00000000d9680000,0x00000000d9780000)
 ParOldGen       total 87552K, used 15052K [0x0000000081e00000, 0x0000000087380000, 0x00000000d5f80000)
  object space 87552K, 17% used [0x0000000081e00000,0x0000000082cb31a8,0x0000000087380000)
 Metaspace       used 5278K, capacity 5460K, committed 5504K, reserved 1056768K
  class space    used 574K, capacity 630K, committed 640K, reserved 1048576K
}

Deoptimization events (10 events):
Event: 1.058 Thread 0x00000000007fe800 Uncommon trap: reason=unstable_if action=reinterpret pc=0x0000000002ca89d4 method=projet_grp8.ImgController.inverseBinary(Ljava/awt/image/BufferedImage;)Ljava/awt/image/BufferedImage; @ 143
Event: 1.200 Thread 0x00000000007fe800 Uncommon trap: reason=unstable_if action=reinterpret pc=0x0000000002cb290c method=java.util.DualPivotQuicksort.sort([IIIZ)V @ 45
Event: 2.380 Thread 0x00000000007fe800 Uncommon trap: reason=unstable_if action=reinterpret pc=0x0000000002cf4308 method=projet_grp8.MedianFilter.median(Ljava/awt/image/BufferedImage;)Ljava/awt/image/BufferedImage; @ 343
Event: 4.503 Thread 0x00000000007fe800 Uncommon trap: reason=unstable_if action=reinterpret pc=0x0000000002d12624 method=projet_grp8.Sobel.sobel(Ljava/awt/image/BufferedImage;)Ljava/awt/image/BufferedImage; @ 332
Event: 4.503 Thread 0x00000000007fe800 Uncommon trap: reason=class_check action=maybe_recompile pc=0x0000000002cbce64 method=java.awt.image.BufferedImage.setRGB(III)V @ 12
Event: 4.503 Thread 0x00000000007fe800 Uncommon trap: reason=class_check action=maybe_recompile pc=0x0000000002cbce64 method=java.awt.image.BufferedImage.setRGB(III)V @ 12
Event: 4.503 Thread 0x00000000007fe800 Uncommon trap: reason=class_check action=maybe_recompile pc=0x0000000002cbce64 method=java.awt.image.BufferedImage.setRGB(III)V @ 12
Event: 4.503 Thread 0x00000000007fe800 Uncommon trap: reason=class_check action=maybe_recompile pc=0x0000000002cbce64 method=java.awt.image.BufferedImage.setRGB(III)V @ 12
Event: 4.587 Thread 0x00000000007fe800 Uncommon trap: reason=unstable_if action=reinterpret pc=0x0000000002d2eae4 method=projet_grp8.Sobel.sobel(Ljava/awt/image/BufferedImage;)Ljava/awt/image/BufferedImage; @ 423
Event: 4.589 Thread 0x00000000007fe800 Uncommon trap: reason=class_check action=maybe_recompile pc=0x0000000002ce2364 method=java.awt.image.BufferedImage.setRGB(III)V @ 12

Classes redefined (0 events):
No events

Internal exceptions (9 events):
Event: 0.089 Thread 0x00000000007fe800 Exception <a 'java/lang/NoSuchMethodError': Method sun.misc.Unsafe.defineClass(Ljava/lang/String;[BII)Ljava/lang/Class; name or signature does not match> (0x00000000d5f87cc0) thrown at [C:\ade\jenkins\workspace\8-2-build-windows-amd64-cygwin\jdk8u241\331\
Event: 0.089 Thread 0x00000000007fe800 Exception <a 'java/lang/NoSuchMethodError': Method sun.misc.Unsafe.prefetchRead(Ljava/lang/Object;J)V name or signature does not match> (0x00000000d5f87fa8) thrown at [C:\ade\jenkins\workspace\8-2-build-windows-amd64-cygwin\jdk8u241\331\hotspot\src\share\
Event: 0.275 Thread 0x00000000007fe800 Exception <a 'java/security/PrivilegedActionException'> (0x00000000d600d378) thrown at [C:\ade\jenkins\workspace\8-2-build-windows-amd64-cygwin\jdk8u241\331\hotspot\src\share\vm\prims\jvm.cpp, line 1502]
Event: 0.275 Thread 0x00000000007fe800 Exception <a 'java/security/PrivilegedActionException'> (0x00000000d600d770) thrown at [C:\ade\jenkins\workspace\8-2-build-windows-amd64-cygwin\jdk8u241\331\hotspot\src\share\vm\prims\jvm.cpp, line 1502]
Event: 0.281 Thread 0x00000000007fe800 Exception <a 'java/security/PrivilegedActionException'> (0x00000000d6011868) thrown at [C:\ade\jenkins\workspace\8-2-build-windows-amd64-cygwin\jdk8u241\331\hotspot\src\share\vm\prims\jvm.cpp, line 1502]
Event: 0.281 Thread 0x00000000007fe800 Exception <a 'java/security/PrivilegedActionException'> (0x00000000d6011c60) thrown at [C:\ade\jenkins\workspace\8-2-build-windows-amd64-cygwin\jdk8u241\331\hotspot\src\share\vm\prims\jvm.cpp, line 1502]
Event: 0.319 Thread 0x00000000007fe800 Exception <a 'java/io/FileNotFoundException'> (0x00000000d6013e90) thrown at [C:\ade\jenkins\workspace\8-2-build-windows-amd64-cygwin\jdk8u241\331\hotspot\src\share\vm\prims\jni.cpp, line 710]
Event: 0.401 Thread 0x00000000007fe800 Exception <a 'java/lang/NoSuchFieldError': method resolution failed> (0x00000000d618b180) thrown at [C:\ade\jenkins\workspace\8-2-build-windows-amd64-cygwin\jdk8u241\331\hotspot\src\share\vm\prims\methodHandles.cpp, line 1167]
Event: 0.405 Thread 0x00000000007fe800 Exception <a 'java/lang/NoSuchFieldError': method resolution failed> (0x00000000d6198920) thrown at [C:\ade\jenkins\workspace\8-2-build-windows-amd64-cygwin\jdk8u241\331\hotspot\src\share\vm\prims\methodHandles.cpp, line 1167]

Events (10 events):
Event: 4.584 Executing VM operation: ParallelGCFailedAllocation
Event: 4.585 Executing VM operation: ParallelGCFailedAllocation done
Event: 4.587 Thread 0x00000000007fe800 Uncommon trap: trap_request=0xffffff65 fr.pc=0x0000000002d2eae4
Event: 4.587 Thread 0x00000000007fe800 DEOPT PACKING pc=0x0000000002d2eae4 sp=0x00000000029df750
Event: 4.587 Thread 0x00000000007fe800 DEOPT UNPACKING pc=0x0000000002b2583b sp=0x00000000029df6c8 mode 2
Event: 4.589 Thread 0x00000000007fe800 DEOPT PACKING pc=0x0000000002cdca8c sp=0x00000000029df650
Event: 4.589 Thread 0x00000000007fe800 DEOPT UNPACKING pc=0x0000000002b27890 sp=0x00000000029df498 mode 0
Event: 4.589 Thread 0x00000000007fe800 Uncommon trap: trap_request=0xffffffde fr.pc=0x0000000002ce2364
Event: 4.589 Thread 0x00000000007fe800 DEOPT PACKING pc=0x0000000002ce2364 sp=0x00000000029df6a0
Event: 4.589 Thread 0x00000000007fe800 DEOPT UNPACKING pc=0x0000000002b2583b sp=0x00000000029df688 mode 2


Dynamic libraries:
0x00007ff77f4f0000 - 0x00007ff77f527000 	C:\Program Files\Java\jdk1.8.0_241\bin\javaw.exe
0x00007ff813be0000 - 0x00007ff813dd0000 	C:\WINDOWS\SYSTEM32\ntdll.dll
0x00007ff812920000 - 0x00007ff8129d2000 	C:\WINDOWS\System32\KERNEL32.DLL
0x00007ff810de0000 - 0x00007ff811083000 	C:\WINDOWS\System32\KERNELBASE.dll
0x00007ff812d90000 - 0x00007ff812e33000 	C:\WINDOWS\System32\ADVAPI32.dll
0x00007ff8139e0000 - 0x00007ff813a7e000 	C:\WINDOWS\System32\msvcrt.dll
0x00007ff812cf0000 - 0x00007ff812d87000 	C:\WINDOWS\System32\sechost.dll
0x00007ff812b50000 - 0x00007ff812c70000 	C:\WINDOWS\System32\RPCRT4.dll
0x00007ff813790000 - 0x00007ff813924000 	C:\WINDOWS\System32\USER32.dll
0x00007ff811090000 - 0x00007ff8110b1000 	C:\WINDOWS\System32\win32u.dll
0x00007ff812ea0000 - 0x00007ff812ec6000 	C:\WINDOWS\System32\GDI32.dll
0x00007ff811270000 - 0x00007ff811404000 	C:\WINDOWS\System32\gdi32full.dll
0x00007ff8111d0000 - 0x00007ff81126e000 	C:\WINDOWS\System32\msvcp_win.dll
0x00007ff811410000 - 0x00007ff81150a000 	C:\WINDOWS\System32\ucrtbase.dll
0x00007ffff3480000 - 0x00007ffff3705000 	C:\WINDOWS\WinSxS\amd64_microsoft.windows.common-controls_6595b64144ccf1df_6.0.18362.778_none_e6c6b761130d4fb8\COMCTL32.dll
0x00007ff811db0000 - 0x00007ff8120e6000 	C:\WINDOWS\System32\combase.dll
0x00007ff811150000 - 0x00007ff8111d0000 	C:\WINDOWS\System32\bcryptPrimitives.dll
0x00007ff8129e0000 - 0x00007ff812a0e000 	C:\WINDOWS\System32\IMM32.DLL
0x0000000069590000 - 0x0000000069662000 	C:\Program Files\Java\jdk1.8.0_241\jre\bin\msvcr100.dll
0x0000000068ce0000 - 0x000000006958c000 	C:\Program Files\Java\jdk1.8.0_241\jre\bin\server\jvm.dll
0x00007ff813a80000 - 0x00007ff813a88000 	C:\WINDOWS\System32\PSAPI.DLL
0x00007ffff4ae0000 - 0x00007ffff4ae9000 	C:\WINDOWS\SYSTEM32\WSOCK32.dll
0x00007ff811d40000 - 0x00007ff811daf000 	C:\WINDOWS\System32\WS2_32.dll
0x00007ff807ae0000 - 0x00007ff807b04000 	C:\WINDOWS\SYSTEM32\WINMM.dll
0x00007ff80a740000 - 0x00007ff80a74a000 	C:\WINDOWS\SYSTEM32\VERSION.dll
0x00007ff807ab0000 - 0x00007ff807add000 	C:\WINDOWS\SYSTEM32\WINMMBASE.dll
0x00007ff810d90000 - 0x00007ff810dda000 	C:\WINDOWS\System32\cfgmgr32.dll
0x00007ff80b130000 - 0x00007ff80b13f000 	C:\Program Files\Java\jdk1.8.0_241\jre\bin\verify.dll
0x00007ff805730000 - 0x00007ff805759000 	C:\Program Files\Java\jdk1.8.0_241\jre\bin\java.dll
0x00007ff807e70000 - 0x00007ff807e86000 	C:\Program Files\Java\jdk1.8.0_241\jre\bin\zip.dll
0x00007ff813030000 - 0x00007ff813715000 	C:\WINDOWS\System32\SHELL32.dll
0x00007ff813930000 - 0x00007ff8139d9000 	C:\WINDOWS\System32\shcore.dll
0x00007ff811510000 - 0x00007ff811c90000 	C:\WINDOWS\System32\windows.storage.dll
0x00007ff810af0000 - 0x00007ff810b13000 	C:\WINDOWS\System32\profapi.dll
0x00007ff810b20000 - 0x00007ff810b6a000 	C:\WINDOWS\System32\powrprof.dll
0x00007ff810aa0000 - 0x00007ff810ab0000 	C:\WINDOWS\System32\UMPDC.dll
0x00007ff813730000 - 0x00007ff813782000 	C:\WINDOWS\System32\shlwapi.dll
0x00007ff810ad0000 - 0x00007ff810ae1000 	C:\WINDOWS\System32\kernel.appcore.dll
0x00007ff810cc0000 - 0x00007ff810cd7000 	C:\WINDOWS\System32\cryptsp.dll
0x00007fffd9ed0000 - 0x00007fffda06a000 	C:\Program Files\Java\jdk1.8.0_241\jre\bin\awt.dll
0x00007ff812a10000 - 0x00007ff812ad4000 	C:\WINDOWS\System32\OLEAUT32.dll
0x00007ff80e900000 - 0x00007ff80e98f000 	C:\WINDOWS\SYSTEM32\apphelp.dll
0x00007ff804e90000 - 0x00007ff804ec1000 	C:\Program Files\Java\jdk1.8.0_241\jre\bin\jpeg.dll

VM Arguments:
jvm_args: -Dfile.encoding=Cp1252 
java_command: projet_grp8.Main
java_class_path (initial): C:\Users\willy\git\Projet_Image_Grp8\bin
Launcher Type: SUN_STANDARD

Environment Variables:
JAVA_HOME=C:\Program Files\Java\jdk-12.0.2
PATH=C:/Program Files/Java/jre1.8.0_201/bin/server;C:/Program Files/Java/jre1.8.0_201/bin;C:/Program Files/Java/jre1.8.0_201/lib/amd64;C:\Program Files (x86)\Common Files\Oracle\Java\javapath;C:\WINDOWS\system32;C:\WINDOWS;C:\WINDOWS\System32\Wbem;C:\WINDOWS\System32\WindowsPowerShell\v1.0\;C:\WINDOWS\System32\OpenSSH\;C:\Program Files\Microsoft VS Code\bin;C:\MinGW64\bin;C:\Program Files\TortoiseSVN\bin;C:\Program Files (x86)\Intel\Intel(R) Management Engine Components\DAL;C:\Program Files\Intel\Intel(R) Management Engine Components\DAL;C:\Program Files\Intel\WiFi\bin\;C:\Program Files\Common Files\Intel\WirelessCommon\;C:\Program Files\nodejs\;C:\Mallet;C:\Program Files\MySQL\MySQL Shell 8.0\bin\;C:\Users\willy\AppData\Local\Microsoft\WindowsApps;C:\Program Files\Intel\WiFi\bin\;C:\Program Files\Common Files\Intel\WirelessCommon\;C:\Program Files\Microsoft VS Code\bin;C:\Users\willy\AppData\Roaming\Dashlane\5.15.1.22107\bin\Firefox_Extension\{442718d9-475e-452a-b3e1-fb1ee16b8e9f}\components;C:\Users\willy\AppData\Roaming\Dashlane\5.15.1.22107\ucrt;C:\Users\willy\AppData\Local\Microsoft\WindowsApps;C:\Users\willy\AppData\Roaming\npm;C:\Program Files\Java\jdk-12.0.2\bin;C:\Program Files\apache-maven-3.6.3\bin;C:\Mallet;;C:\WINDOWS\System32;
USERNAME=willy
OS=Windows_NT
PROCESSOR_IDENTIFIER=Intel64 Family 6 Model 78 Stepping 3, GenuineIntel



---------------  S Y S T E M  ---------------

OS: Windows 10.0 , 64 bit Build 18362 (10.0.18362.778)

CPU:total 4 (initial active 4) (2 cores per cpu, 2 threads per core) family 6 model 78 stepping 3, cmov, cx8, fxsr, mmx, sse, sse2, sse3, ssse3, sse4.1, sse4.2, popcnt, avx, avx2, aes, clmul, erms, rtm, 3dnowpref, lzcnt, ht, tsc, tscinvbit, bmi1, bmi2, adx

Memory: 4k page, physical 8260800k(724228k free), swap 33426624k(5120k free)

vm_info: Java HotSpot(TM) 64-Bit Server VM (25.241-b07) for windows-amd64 JRE (1.8.0_241-b07), built on Dec 11 2019 10:21:40 by "rejava" with MS VC++ 10.0 (VS2010)

time: Sat Apr 18 19:46:45 2020
timezone: Romance Daylight Time
elapsed time: 4 seconds (0d 0h 0m 4s)

