#
# There is insufficient memory for the Java Runtime Environment to continue.
# Native memory allocation (malloc) failed to allocate 1048576 bytes for AllocateHeap
# Possible reasons:
#   The system is out of physical RAM or swap space
#   The process is running with CompressedOops enabled, and the Java Heap may be blocking the growth of the native heap
# Possible solutions:
#   Reduce memory load on the system
#   Increase physical memory or swap space
#   Check if swap backing store is full
#   Decrease Java heap size (-Xmx/-Xms)
#   Decrease number of Java threads
#   Decrease Java thread stack sizes (-Xss)
#   Set larger code cache with -XX:ReservedCodeCacheSize=
#   JVM is running with Unscaled Compressed Oops mode in which the Java heap is
#     placed in the first 4GB address space. The Java Heap base address is the
#     maximum limit for the native heap growth. Please use -XX:HeapBaseMinAddress
#     to set the Java Heap base and to place the Java Heap above 4GB virtual address.
# This output file may be truncated or incomplete.
#
#  Out of Memory Error (memory/allocation.inline.hpp:61), pid=10444, tid=0x0000000000003e78
#
# JRE version:  (8.0_241-b07) (build )
# Java VM: Java HotSpot(TM) 64-Bit Server VM (25.241-b07 mixed mode windows-amd64 compressed oops)
# Failed to write core dump. Minidumps are not enabled by default on client versions of Windows
#

---------------  T H R E A D  ---------------

Current thread (0x0000000002e3e800):  JavaThread "Unknown thread" [_thread_in_vm, id=15992, stack(0x0000000002e60000,0x0000000002f60000)]

Stack: [0x0000000002e60000,0x0000000002f60000]
[error occurred during error reporting (printing stack bounds), id 0xc0000005]

Native frames: (J=compiled Java code, j=interpreted, Vv=VM code, C=native code)


---------------  P R O C E S S  ---------------

Java Threads: ( => current thread )

Other Threads:

=>0x0000000002e3e800 (exited) JavaThread "Unknown thread" [_thread_in_vm, id=15992, stack(0x0000000002e60000,0x0000000002f60000)]

VM state:not at safepoint (normal execution)

VM Mutex/Monitor currently owned by a thread: None

heap address: 0x0000000081e00000, size: 2018 MB, Compressed Oops mode: 32-bit
Narrow klass base: 0x0000000000000000, Narrow klass shift: 3
Compressed class space size: 1073741824 Address: 0x0000000100000000

Heap:
 PSYoungGen      total 38400K, used 665K [0x00000000d5f80000, 0x00000000d8a00000, 0x0000000100000000)
  eden space 33280K, 2% used [0x00000000d5f80000,0x00000000d6026670,0x00000000d8000000)
  from space 5120K, 0% used [0x00000000d8500000,0x00000000d8500000,0x00000000d8a00000)
  to   space 5120K, 0% used [0x00000000d8000000,0x00000000d8000000,0x00000000d8500000)
 ParOldGen       total 87552K, used 0K [0x0000000081e00000, 0x0000000087380000, 0x00000000d5f80000)
  object space 87552K, 0% used [0x0000000081e00000,0x0000000081e00000,0x0000000087380000)
 Metaspace       used 776K, capacity 4480K, committed 4480K, reserved 1056768K
  class space    used 76K, capacity 384K, committed 384K, reserved 1048576K

Card table byte_map: [0x0000000012450000,0x0000000012850000] byte_map_base: 0x0000000012041000

Marking Bits: (ParMarkBitMap*) 0x0000000075bcbe30
 Begin Bits: [0x0000000012f00000, 0x0000000014e88000)
 End Bits:   [0x0000000014e88000, 0x0000000016e10000)

Polling page: 0x0000000002e20000

CodeCache: size=245760Kb used=328Kb max_used=328Kb free=245431Kb
 bounds [0x0000000003090000, 0x0000000003300000, 0x0000000012090000]
 total_blobs=58 nmethods=0 adapters=38
 compilation: enabled

Compilation events (0 events):
No events

GC Heap History (0 events):
No events

Deoptimization events (0 events):
No events

Classes redefined (0 events):
No events

Internal exceptions (0 events):
No events

Events (10 events):
Event: 0.041 loading class java/lang/Short
Event: 0.041 loading class java/lang/Short done
Event: 0.041 loading class java/lang/Integer
Event: 0.041 loading class java/lang/Integer done
Event: 0.041 loading class java/lang/Long
Event: 0.041 loading class java/lang/Long done
Event: 0.042 loading class java/lang/NullPointerException
Event: 0.042 loading class java/lang/NullPointerException done
Event: 0.042 loading class java/lang/ArithmeticException
Event: 0.042 loading class java/lang/ArithmeticException done


Dynamic libraries:
0x00007ff765ec0000 - 0x00007ff765ef7000 	C:\Program Files\Java\jdk1.8.0_241\bin\javaw.exe
0x00007ffe2b6c0000 - 0x00007ffe2b8b0000 	C:\WINDOWS\SYSTEM32\ntdll.dll
0x00007ffe2a810000 - 0x00007ffe2a8c2000 	C:\WINDOWS\System32\KERNEL32.DLL
0x00007ffe28650000 - 0x00007ffe288f3000 	C:\WINDOWS\System32\KERNELBASE.dll
0x00007ffe2a2e0000 - 0x00007ffe2a383000 	C:\WINDOWS\System32\ADVAPI32.dll
0x00007ffe2af40000 - 0x00007ffe2afde000 	C:\WINDOWS\System32\msvcrt.dll
0x00007ffe2b5e0000 - 0x00007ffe2b677000 	C:\WINDOWS\System32\sechost.dll
0x00007ffe2b190000 - 0x00007ffe2b2b0000 	C:\WINDOWS\System32\RPCRT4.dll
0x00007ffe2a130000 - 0x00007ffe2a2c4000 	C:\WINDOWS\System32\USER32.dll
0x00007ffe29450000 - 0x00007ffe29471000 	C:\WINDOWS\System32\win32u.dll
0x00007ffe2ae90000 - 0x00007ffe2aeb6000 	C:\WINDOWS\System32\GDI32.dll
0x00007ffe294d0000 - 0x00007ffe29664000 	C:\WINDOWS\System32\gdi32full.dll
0x00007ffe289d0000 - 0x00007ffe28a6e000 	C:\WINDOWS\System32\msvcp_win.dll
0x00007ffe29670000 - 0x00007ffe2976a000 	C:\WINDOWS\System32\ucrtbase.dll
0x00007ffe17430000 - 0x00007ffe176b5000 	C:\WINDOWS\WinSxS\amd64_microsoft.windows.common-controls_6595b64144ccf1df_6.0.18362.720_none_e6beb5c51314836b\COMCTL32.dll
0x00007ffe2a900000 - 0x00007ffe2ac36000 	C:\WINDOWS\System32\combase.dll
0x00007ffe28950000 - 0x00007ffe289d0000 	C:\WINDOWS\System32\bcryptPrimitives.dll
0x00007ffe2a8d0000 - 0x00007ffe2a8fe000 	C:\WINDOWS\System32\IMM32.DLL
0x0000000076810000 - 0x00000000768e2000 	C:\Program Files\Java\jdk1.8.0_241\jre\bin\msvcr100.dll
0x00000000753a0000 - 0x0000000075c4c000 	C:\Program Files\Java\jdk1.8.0_241\jre\bin\server\jvm.dll
0x00007ffe2a390000 - 0x00007ffe2a398000 	C:\WINDOWS\System32\PSAPI.DLL
0x00007ffe213b0000 - 0x00007ffe213ba000 	C:\WINDOWS\SYSTEM32\VERSION.dll
0x00007ffe0c560000 - 0x00007ffe0c569000 	C:\WINDOWS\SYSTEM32\WSOCK32.dll
0x00007ffe24cb0000 - 0x00007ffe24cd4000 	C:\WINDOWS\SYSTEM32\WINMM.dll
0x00007ffe2ac60000 - 0x00007ffe2accf000 	C:\WINDOWS\System32\WS2_32.dll
0x00007ffe24c80000 - 0x00007ffe24cad000 	C:\WINDOWS\SYSTEM32\winmmbase.dll
0x00007ffe28900000 - 0x00007ffe2894a000 	C:\WINDOWS\System32\cfgmgr32.dll
0x00007ffe24110000 - 0x00007ffe2411f000 	C:\Program Files\Java\jdk1.8.0_241\jre\bin\verify.dll
0x00007ffe1b6e0000 - 0x00007ffe1b709000 	C:\Program Files\Java\jdk1.8.0_241\jre\bin\java.dll
0x00007ffe1b760000 - 0x00007ffe1b776000 	C:\Program Files\Java\jdk1.8.0_241\jre\bin\zip.dll

VM Arguments:
jvm_args: -Dfile.encoding=Cp1252 
java_command: projet_grp8.Main
java_class_path (initial): C:\Users\willy\git\Projet_Image_Grp8\bin
Launcher Type: SUN_STANDARD

Environment Variables:
JAVA_HOME=C:\Program Files\Java\jdk-12.0.2
PATH=C:/Program Files/Java/jre1.8.0_201/bin/server;C:/Program Files/Java/jre1.8.0_201/bin;C:/Program Files/Java/jre1.8.0_201/lib/amd64;C:\Program Files (x86)\Common Files\Oracle\Java\javapath;C:\WINDOWS\system32;C:\WINDOWS;C:\WINDOWS\System32\Wbem;C:\WINDOWS\System32\WindowsPowerShell\v1.0\;C:\WINDOWS\System32\OpenSSH\;C:\Program Files\Microsoft VS Code\bin;C:\MinGW64\bin;C:\Program Files\TortoiseSVN\bin;C:\Program Files (x86)\Intel\Intel(R) Management Engine Components\DAL;C:\Program Files\Intel\Intel(R) Management Engine Components\DAL;C:\Program Files\Intel\WiFi\bin\;C:\Program Files\Common Files\Intel\WirelessCommon\;C:\Program Files\nodejs\;C:\Mallet;C:\Program Files\MySQL\MySQL Shell 8.0\bin\;C:\Users\willy\AppData\Local\Microsoft\WindowsApps;C:\Program Files\Intel\WiFi\bin\;C:\Program Files\Common Files\Intel\WirelessCommon\;C:\Program Files\Microsoft VS Code\bin;C:\Users\willy\AppData\Roaming\Dashlane\5.15.1.22107\bin\Firefox_Extension\{442718d9-475e-452a-b3e1-fb1ee16b8e9f}\components;C:\Users\willy\AppData\Roaming\Dashlane\5.15.1.22107\ucrt;C:\Users\willy\AppData\Local\Microsoft\WindowsApps;C:\Users\willy\AppData\Roaming\npm;C:\Program Files\Java\jdk-12.0.2\bin;C:\Program Files\apache-maven-3.6.3\bin;C:\Mallet;;C:\WINDOWS\System32;
USERNAME=willy
OS=Windows_NT
PROCESSOR_IDENTIFIER=Intel64 Family 6 Model 78 Stepping 3, GenuineIntel



---------------  S Y S T E M  ---------------

OS: Windows 10.0 , 64 bit Build 18362 (10.0.18362.329)

CPU:total 4 (initial active 4) (2 cores per cpu, 2 threads per core) family 6 model 78 stepping 3, cmov, cx8, fxsr, mmx, sse, sse2, sse3, ssse3, sse4.1, sse4.2, popcnt, avx, avx2, aes, clmul, erms, rtm, 3dnowpref, lzcnt, ht, tsc, tscinvbit, bmi1, bmi2, adx

Memory: 4k page, physical 8260800k(703232k free), swap 33426624k(5336k free)

vm_info: Java HotSpot(TM) 64-Bit Server VM (25.241-b07) for windows-amd64 JRE (1.8.0_241-b07), built on Dec 11 2019 10:21:40 by "rejava" with MS VC++ 10.0 (VS2010)

time: Thu Apr 16 17:17:08 2020
timezone: Romance Daylight Time
elapsed time: 0 seconds (0d 0h 0m 0s)

