#
# There is insufficient memory for the Java Runtime Environment to continue.
# Native memory allocation (malloc) failed to allocate 138736 bytes for Chunk::new
# Possible reasons:
#   The system is out of physical RAM or swap space
#   The process is running with CompressedOops enabled, and the Java Heap may be blocking the growth of the native heap
# Possible solutions:
#   Reduce memory load on the system
#   Increase physical memory or swap space
#   Check if swap backing store is full
#   Decrease Java heap size (-Xmx/-Xms)
#   Decrease number of Java threads
#   Decrease Java thread stack sizes (-Xss)
#   Set larger code cache with -XX:ReservedCodeCacheSize=
#   JVM is running with Unscaled Compressed Oops mode in which the Java heap is
#     placed in the first 4GB address space. The Java Heap base address is the
#     maximum limit for the native heap growth. Please use -XX:HeapBaseMinAddress
#     to set the Java Heap base and to place the Java Heap above 4GB virtual address.
# This output file may be truncated or incomplete.
#
#  Out of Memory Error (allocation.cpp:389), pid=11256, tid=0x0000000000003d9c
#
# JRE version: Java(TM) SE Runtime Environment (8.0_241-b07) (build 1.8.0_241-b07)
# Java VM: Java HotSpot(TM) 64-Bit Server VM (25.241-b07 mixed mode windows-amd64 compressed oops)
# Failed to write core dump. Minidumps are not enabled by default on client versions of Windows
#

---------------  T H R E A D  ---------------

Current thread (0x0000000017017000):  JavaThread "C2 CompilerThread0" daemon [_thread_in_native, id=15772, stack(0x0000000018670000,0x0000000018770000)]

Stack: [0x0000000018670000,0x0000000018770000]
[error occurred during error reporting (printing stack bounds), id 0xc0000005]

Native frames: (J=compiled Java code, j=interpreted, Vv=VM code, C=native code)


Current CompileTask:
C2:   3276  370 %     4       projet_grp8.Sobel::sobel @ 35 (459 bytes)


---------------  P R O C E S S  ---------------

Java Threads: ( => current thread )
  0x0000000018b7c800 JavaThread "Java2D Disposer" daemon [_thread_blocked, id=6724, stack(0x00000000190b0000,0x00000000191b0000)]
  0x0000000018891000 JavaThread "Service Thread" daemon [_thread_blocked, id=9956, stack(0x0000000018d70000,0x0000000018e70000)]
  0x000000001706a000 JavaThread "C1 CompilerThread2" daemon [_thread_blocked, id=10584, stack(0x0000000018c70000,0x0000000018d70000)]
  0x000000001704a800 JavaThread "C2 CompilerThread1" daemon [_thread_blocked, id=10728, stack(0x0000000018770000,0x0000000018870000)]
=>0x0000000017017000 JavaThread "C2 CompilerThread0" daemon [_thread_in_native, id=15772, stack(0x0000000018670000,0x0000000018770000)]
  0x0000000017014800 JavaThread "Attach Listener" daemon [_thread_blocked, id=3740, stack(0x0000000018570000,0x0000000018670000)]
  0x0000000017013000 JavaThread "Signal Dispatcher" daemon [_thread_blocked, id=11784, stack(0x0000000018470000,0x0000000018570000)]
  0x00000000023ec000 JavaThread "Finalizer" daemon [_thread_blocked, id=15464, stack(0x0000000018270000,0x0000000018370000)]
  0x00000000023e3000 JavaThread "Reference Handler" daemon [_thread_blocked, id=17304, stack(0x0000000018170000,0x0000000018270000)]
  0x00000000024ee800 JavaThread "main" [_thread_in_Java, id=11972, stack(0x0000000002190000,0x0000000002290000)]

Other Threads:
  0x0000000016fd8000 VMThread [stack: 0x0000000018070000,0x0000000018170000] [id=15728]
  0x00000000188c6800 WatcherThread [stack: 0x0000000018e70000,0x0000000018f70000] [id=1820]

VM state:not at safepoint (normal execution)

VM Mutex/Monitor currently owned by a thread: None

heap address: 0x0000000081e00000, size: 2018 MB, Compressed Oops mode: 32-bit
Narrow klass base: 0x0000000000000000, Narrow klass shift: 3
Compressed class space size: 1073741824 Address: 0x0000000100000000

Heap:
 PSYoungGen      total 61952K, used 41291K [0x00000000d5f80000, 0x00000000d9f00000, 0x0000000100000000)
  eden space 58880K, 65% used [0x00000000d5f80000,0x00000000d8572f60,0x00000000d9900000)
  from space 3072K, 79% used [0x00000000d9c00000,0x00000000d9e60000,0x00000000d9f00000)
  to   space 3072K, 0% used [0x00000000d9900000,0x00000000d9900000,0x00000000d9c00000)
 ParOldGen       total 87552K, used 20331K [0x0000000081e00000, 0x0000000087380000, 0x00000000d5f80000)
  object space 87552K, 23% used [0x0000000081e00000,0x00000000831dad48,0x0000000087380000)
 Metaspace       used 5276K, capacity 5464K, committed 5504K, reserved 1056768K
  class space    used 574K, capacity 630K, committed 640K, reserved 1048576K

Card table byte_map: [0x00000000118b0000,0x0000000011cb0000] byte_map_base: 0x00000000114a1000

Marking Bits: (ParMarkBitMap*) 0x000000006950be30
 Begin Bits: [0x0000000012360000, 0x00000000142e8000)
 End Bits:   [0x00000000142e8000, 0x0000000016270000)

Polling page: 0x0000000000550000

CodeCache: size=245760Kb used=2247Kb max_used=2247Kb free=243512Kb
 bounds [0x00000000024f0000, 0x0000000002760000, 0x00000000114f0000]
 total_blobs=676 nmethods=369 adapters=220
 compilation: enabled

Compilation events (10 events):
Event: 2.279 Thread 0x0000000017017000 nmethod 365 0x00000000026c5390 code [0x00000000026c54c0, 0x00000000026c5538]
Event: 3.104 Thread 0x000000001706a000  366       3       projet_grp8.Sobel::getGrayScale (50 bytes)
Event: 3.104 Thread 0x000000001706a000 nmethod 366 0x00000000026e5cd0 code [0x00000000026e5e60, 0x00000000026e6010]
Event: 3.104 Thread 0x000000001704a800  367       4       projet_grp8.Sobel::getGrayScale (50 bytes)
Event: 3.105 Thread 0x000000001704a800 nmethod 367 0x00000000026cce10 code [0x00000000026ccf80, 0x00000000026cd018]
Event: 3.171 Thread 0x000000001706a000  368 %     3       projet_grp8.Sobel::sobel @ 35 (459 bytes)
Event: 3.174 Thread 0x000000001706a000 nmethod 368% 0x00000000026ef390 code [0x00000000026ef900, 0x00000000026f2a98]
Event: 3.174 Thread 0x000000001706a000  369       3       projet_grp8.Sobel::sobel (459 bytes)
Event: 3.177 Thread 0x000000001706a000 nmethod 369 0x0000000002706510 code [0x0000000002706a60, 0x0000000002709998]
Event: 3.195 Thread 0x0000000017017000  370 %     4       projet_grp8.Sobel::sobel @ 35 (459 bytes)

GC Heap History (10 events):
Event: 2.937 GC heap before
{Heap before GC invocations=52 (full 0):
 PSYoungGen      total 61952K, used 58912K [0x00000000d5f80000, 0x00000000d9f00000, 0x0000000100000000)
  eden space 58880K, 100% used [0x00000000d5f80000,0x00000000d9900000,0x00000000d9900000)
  from space 3072K, 1% used [0x00000000d9900000,0x00000000d9908000,0x00000000d9c00000)
  to   space 3072K, 0% used [0x00000000d9c00000,0x00000000d9c00000,0x00000000d9f00000)
 ParOldGen       total 87552K, used 20315K [0x0000000081e00000, 0x0000000087380000, 0x00000000d5f80000)
  object space 87552K, 23% used [0x0000000081e00000,0x00000000831d6d48,0x0000000087380000)
 Metaspace       used 5273K, capacity 5464K, committed 5504K, reserved 1056768K
  class space    used 574K, capacity 630K, committed 640K, reserved 1048576K
Event: 2.937 GC heap after
Heap after GC invocations=52 (full 0):
 PSYoungGen      total 61952K, used 32K [0x00000000d5f80000, 0x00000000d9f00000, 0x0000000100000000)
  eden space 58880K, 0% used [0x00000000d5f80000,0x00000000d5f80000,0x00000000d9900000)
  from space 3072K, 1% used [0x00000000d9c00000,0x00000000d9c08000,0x00000000d9f00000)
  to   space 3072K, 0% used [0x00000000d9900000,0x00000000d9900000,0x00000000d9c00000)
 ParOldGen       total 87552K, used 20331K [0x0000000081e00000, 0x0000000087380000, 0x00000000d5f80000)
  object space 87552K, 23% used [0x0000000081e00000,0x00000000831dad48,0x0000000087380000)
 Metaspace       used 5273K, capacity 5464K, committed 5504K, reserved 1056768K
  class space    used 574K, capacity 630K, committed 640K, reserved 1048576K
}
Event: 2.979 GC heap before
{Heap before GC invocations=53 (full 0):
 PSYoungGen      total 61952K, used 58912K [0x00000000d5f80000, 0x00000000d9f00000, 0x0000000100000000)
  eden space 58880K, 100% used [0x00000000d5f80000,0x00000000d9900000,0x00000000d9900000)
  from space 3072K, 1% used [0x00000000d9c00000,0x00000000d9c08000,0x00000000d9f00000)
  to   space 3072K, 0% used [0x00000000d9900000,0x00000000d9900000,0x00000000d9c00000)
 ParOldGen       total 87552K, used 20331K [0x0000000081e00000, 0x0000000087380000, 0x00000000d5f80000)
  object space 87552K, 23% used [0x0000000081e00000,0x00000000831dad48,0x0000000087380000)
 Metaspace       used 5273K, capacity 5464K, committed 5504K, reserved 1056768K
  class space    used 574K, capacity 630K, committed 640K, reserved 1048576K
Event: 2.979 GC heap after
Heap after GC invocations=53 (full 0):
 PSYoungGen      total 61952K, used 32K [0x00000000d5f80000, 0x00000000d9f00000, 0x0000000100000000)
  eden space 58880K, 0% used [0x00000000d5f80000,0x00000000d5f80000,0x00000000d9900000)
  from space 3072K, 1% used [0x00000000d9900000,0x00000000d9908000,0x00000000d9c00000)
  to   space 3072K, 0% used [0x00000000d9c00000,0x00000000d9c00000,0x00000000d9f00000)
 ParOldGen       total 87552K, used 20331K [0x0000000081e00000, 0x0000000087380000, 0x00000000d5f80000)
  object space 87552K, 23% used [0x0000000081e00000,0x00000000831dad48,0x0000000087380000)
 Metaspace       used 5273K, capacity 5464K, committed 5504K, reserved 1056768K
  class space    used 574K, capacity 630K, committed 640K, reserved 1048576K
}
Event: 3.025 GC heap before
{Heap before GC invocations=54 (full 0):
 PSYoungGen      total 61952K, used 58912K [0x00000000d5f80000, 0x00000000d9f00000, 0x0000000100000000)
  eden space 58880K, 100% used [0x00000000d5f80000,0x00000000d9900000,0x00000000d9900000)
  from space 3072K, 1% used [0x00000000d9900000,0x00000000d9908000,0x00000000d9c00000)
  to   space 3072K, 0% used [0x00000000d9c00000,0x00000000d9c00000,0x00000000d9f00000)
 ParOldGen       total 87552K, used 20331K [0x0000000081e00000, 0x0000000087380000, 0x00000000d5f80000)
  object space 87552K, 23% used [0x0000000081e00000,0x00000000831dad48,0x0000000087380000)
 Metaspace       used 5273K, capacity 5464K, committed 5504K, reserved 1056768K
  class space    used 574K, capacity 630K, committed 640K, reserved 1048576K
Event: 3.026 GC heap after
Heap after GC invocations=54 (full 0):
 PSYoungGen      total 61952K, used 64K [0x00000000d5f80000, 0x00000000d9f00000, 0x0000000100000000)
  eden space 58880K, 0% used [0x00000000d5f80000,0x00000000d5f80000,0x00000000d9900000)
  from space 3072K, 2% used [0x00000000d9c00000,0x00000000d9c10000,0x00000000d9f00000)
  to   space 3072K, 0% used [0x00000000d9900000,0x00000000d9900000,0x00000000d9c00000)
 ParOldGen       total 87552K, used 20331K [0x0000000081e00000, 0x0000000087380000, 0x00000000d5f80000)
  object space 87552K, 23% used [0x0000000081e00000,0x00000000831dad48,0x0000000087380000)
 Metaspace       used 5273K, capacity 5464K, committed 5504K, reserved 1056768K
  class space    used 574K, capacity 630K, committed 640K, reserved 1048576K
}
Event: 3.067 GC heap before
{Heap before GC invocations=55 (full 0):
 PSYoungGen      total 61952K, used 58944K [0x00000000d5f80000, 0x00000000d9f00000, 0x0000000100000000)
  eden space 58880K, 100% used [0x00000000d5f80000,0x00000000d9900000,0x00000000d9900000)
  from space 3072K, 2% used [0x00000000d9c00000,0x00000000d9c10000,0x00000000d9f00000)
  to   space 3072K, 0% used [0x00000000d9900000,0x00000000d9900000,0x00000000d9c00000)
 ParOldGen       total 87552K, used 20331K [0x0000000081e00000, 0x0000000087380000, 0x00000000d5f80000)
  object space 87552K, 23% used [0x0000000081e00000,0x00000000831dad48,0x0000000087380000)
 Metaspace       used 5273K, capacity 5464K, committed 5504K, reserved 1056768K
  class space    used 574K, capacity 630K, committed 640K, reserved 1048576K
Event: 3.068 GC heap after
Heap after GC invocations=55 (full 0):
 PSYoungGen      total 61952K, used 64K [0x00000000d5f80000, 0x00000000d9f00000, 0x0000000100000000)
  eden space 58880K, 0% used [0x00000000d5f80000,0x00000000d5f80000,0x00000000d9900000)
  from space 3072K, 2% used [0x00000000d9900000,0x00000000d9910000,0x00000000d9c00000)
  to   space 3072K, 0% used [0x00000000d9c00000,0x00000000d9c00000,0x00000000d9f00000)
 ParOldGen       total 87552K, used 20331K [0x0000000081e00000, 0x0000000087380000, 0x00000000d5f80000)
  object space 87552K, 23% used [0x0000000081e00000,0x00000000831dad48,0x0000000087380000)
 Metaspace       used 5273K, capacity 5464K, committed 5504K, reserved 1056768K
  class space    used 574K, capacity 630K, committed 640K, reserved 1048576K
}
Event: 3.136 GC heap before
{Heap before GC invocations=56 (full 0):
 PSYoungGen      total 61952K, used 58944K [0x00000000d5f80000, 0x00000000d9f00000, 0x0000000100000000)
  eden space 58880K, 100% used [0x00000000d5f80000,0x00000000d9900000,0x00000000d9900000)
  from space 3072K, 2% used [0x00000000d9900000,0x00000000d9910000,0x00000000d9c00000)
  to   space 3072K, 0% used [0x00000000d9c00000,0x00000000d9c00000,0x00000000d9f00000)
 ParOldGen       total 87552K, used 20331K [0x0000000081e00000, 0x0000000087380000, 0x00000000d5f80000)
  object space 87552K, 23% used [0x0000000081e00000,0x00000000831dad48,0x0000000087380000)
 Metaspace       used 5273K, capacity 5464K, committed 5504K, reserved 1056768K
  class space    used 574K, capacity 630K, committed 640K, reserved 1048576K
Event: 3.137 GC heap after
Heap after GC invocations=56 (full 0):
 PSYoungGen      total 61952K, used 2432K [0x00000000d5f80000, 0x00000000d9f00000, 0x0000000100000000)
  eden space 58880K, 0% used [0x00000000d5f80000,0x00000000d5f80000,0x00000000d9900000)
  from space 3072K, 79% used [0x00000000d9c00000,0x00000000d9e60000,0x00000000d9f00000)
  to   space 3072K, 0% used [0x00000000d9900000,0x00000000d9900000,0x00000000d9c00000)
 ParOldGen       total 87552K, used 20331K [0x0000000081e00000, 0x0000000087380000, 0x00000000d5f80000)
  object space 87552K, 23% used [0x0000000081e00000,0x00000000831dad48,0x0000000087380000)
 Metaspace       used 5273K, capacity 5464K, committed 5504K, reserved 1056768K
  class space    used 574K, capacity 630K, committed 640K, reserved 1048576K
}

Deoptimization events (9 events):
Event: 0.567 Thread 0x00000000024ee800 Uncommon trap: reason=unstable_if action=reinterpret pc=0x000000000269ccf0 method=projet_grp8.ImgController.gris(Ljava/awt/image/BufferedImage;)Ljava/awt/image/BufferedImage; @ 112
Event: 0.615 Thread 0x00000000024ee800 Uncommon trap: reason=unstable_if action=reinterpret pc=0x00000000026a6a6c method=projet_grp8.Otsu.otsu(Ljava/awt/image/BufferedImage;)F @ 74
Event: 0.693 Thread 0x00000000024ee800 Uncommon trap: reason=class_check action=maybe_recompile pc=0x000000000269a884 method=java.awt.image.BufferedImage.getRGB(II)I @ 11
Event: 0.693 Thread 0x00000000024ee800 Uncommon trap: reason=class_check action=maybe_recompile pc=0x000000000269a884 method=java.awt.image.BufferedImage.getRGB(II)I @ 11
Event: 0.693 Thread 0x00000000024ee800 Uncommon trap: reason=class_check action=maybe_recompile pc=0x000000000269a884 method=java.awt.image.BufferedImage.getRGB(II)I @ 11
Event: 0.693 Thread 0x00000000024ee800 Uncommon trap: reason=class_check action=maybe_recompile pc=0x000000000269a884 method=java.awt.image.BufferedImage.getRGB(II)I @ 11
Event: 0.761 Thread 0x00000000024ee800 Uncommon trap: reason=unstable_if action=reinterpret pc=0x00000000026beaa0 method=projet_grp8.ImgController.inverseBinary(Ljava/awt/image/BufferedImage;)Ljava/awt/image/BufferedImage; @ 143
Event: 0.859 Thread 0x00000000024ee800 Uncommon trap: reason=unstable_if action=reinterpret pc=0x00000000026c62cc method=java.util.DualPivotQuicksort.sort([IIIZ)V @ 45
Event: 1.639 Thread 0x00000000024ee800 Uncommon trap: reason=unstable_if action=reinterpret pc=0x000000000270f2bc method=projet_grp8.MedianFilter.median(Ljava/awt/image/BufferedImage;)Ljava/awt/image/BufferedImage; @ 343

Classes redefined (0 events):
No events

Internal exceptions (9 events):
Event: 0.052 Thread 0x00000000024ee800 Exception <a 'java/lang/NoSuchMethodError': Method sun.misc.Unsafe.defineClass(Ljava/lang/String;[BII)Ljava/lang/Class; name or signature does not match> (0x00000000d5f87cc0) thrown at [C:\ade\jenkins\workspace\8-2-build-windows-amd64-cygwin\jdk8u241\331\
Event: 0.052 Thread 0x00000000024ee800 Exception <a 'java/lang/NoSuchMethodError': Method sun.misc.Unsafe.prefetchRead(Ljava/lang/Object;J)V name or signature does not match> (0x00000000d5f87fa8) thrown at [C:\ade\jenkins\workspace\8-2-build-windows-amd64-cygwin\jdk8u241\331\hotspot\src\share\
Event: 0.164 Thread 0x00000000024ee800 Exception <a 'java/security/PrivilegedActionException'> (0x00000000d600d378) thrown at [C:\ade\jenkins\workspace\8-2-build-windows-amd64-cygwin\jdk8u241\331\hotspot\src\share\vm\prims\jvm.cpp, line 1502]
Event: 0.165 Thread 0x00000000024ee800 Exception <a 'java/security/PrivilegedActionException'> (0x00000000d600d770) thrown at [C:\ade\jenkins\workspace\8-2-build-windows-amd64-cygwin\jdk8u241\331\hotspot\src\share\vm\prims\jvm.cpp, line 1502]
Event: 0.166 Thread 0x00000000024ee800 Exception <a 'java/security/PrivilegedActionException'> (0x00000000d6011868) thrown at [C:\ade\jenkins\workspace\8-2-build-windows-amd64-cygwin\jdk8u241\331\hotspot\src\share\vm\prims\jvm.cpp, line 1502]
Event: 0.166 Thread 0x00000000024ee800 Exception <a 'java/security/PrivilegedActionException'> (0x00000000d6011c60) thrown at [C:\ade\jenkins\workspace\8-2-build-windows-amd64-cygwin\jdk8u241\331\hotspot\src\share\vm\prims\jvm.cpp, line 1502]
Event: 0.172 Thread 0x00000000024ee800 Exception <a 'java/io/FileNotFoundException'> (0x00000000d6013e90) thrown at [C:\ade\jenkins\workspace\8-2-build-windows-amd64-cygwin\jdk8u241\331\hotspot\src\share\vm\prims\jni.cpp, line 710]
Event: 0.250 Thread 0x00000000024ee800 Exception <a 'java/lang/NoSuchFieldError': method resolution failed> (0x00000000d618b180) thrown at [C:\ade\jenkins\workspace\8-2-build-windows-amd64-cygwin\jdk8u241\331\hotspot\src\share\vm\prims\methodHandles.cpp, line 1167]
Event: 0.256 Thread 0x00000000024ee800 Exception <a 'java/lang/NoSuchFieldError': method resolution failed> (0x00000000d6198920) thrown at [C:\ade\jenkins\workspace\8-2-build-windows-amd64-cygwin\jdk8u241\331\hotspot\src\share\vm\prims\methodHandles.cpp, line 1167]

Events (10 events):
Event: 2.937 Executing VM operation: ParallelGCFailedAllocation
Event: 2.937 Executing VM operation: ParallelGCFailedAllocation done
Event: 2.979 Executing VM operation: ParallelGCFailedAllocation
Event: 2.979 Executing VM operation: ParallelGCFailedAllocation done
Event: 3.025 Executing VM operation: ParallelGCFailedAllocation
Event: 3.026 Executing VM operation: ParallelGCFailedAllocation done
Event: 3.067 Executing VM operation: ParallelGCFailedAllocation
Event: 3.068 Executing VM operation: ParallelGCFailedAllocation done
Event: 3.136 Executing VM operation: ParallelGCFailedAllocation
Event: 3.137 Executing VM operation: ParallelGCFailedAllocation done


Dynamic libraries:
0x00007ff77f4f0000 - 0x00007ff77f527000 	C:\Program Files\Java\jdk1.8.0_241\bin\javaw.exe
0x00007ff813be0000 - 0x00007ff813dd0000 	C:\WINDOWS\SYSTEM32\ntdll.dll
0x00007ff812920000 - 0x00007ff8129d2000 	C:\WINDOWS\System32\KERNEL32.DLL
0x00007ff810de0000 - 0x00007ff811083000 	C:\WINDOWS\System32\KERNELBASE.dll
0x00007ff812d90000 - 0x00007ff812e33000 	C:\WINDOWS\System32\ADVAPI32.dll
0x00007ff8139e0000 - 0x00007ff813a7e000 	C:\WINDOWS\System32\msvcrt.dll
0x00007ff812cf0000 - 0x00007ff812d87000 	C:\WINDOWS\System32\sechost.dll
0x00007ff812b50000 - 0x00007ff812c70000 	C:\WINDOWS\System32\RPCRT4.dll
0x00007ff813790000 - 0x00007ff813924000 	C:\WINDOWS\System32\USER32.dll
0x00007ff811090000 - 0x00007ff8110b1000 	C:\WINDOWS\System32\win32u.dll
0x00007ff812ea0000 - 0x00007ff812ec6000 	C:\WINDOWS\System32\GDI32.dll
0x00007ff811270000 - 0x00007ff811404000 	C:\WINDOWS\System32\gdi32full.dll
0x00007ff8111d0000 - 0x00007ff81126e000 	C:\WINDOWS\System32\msvcp_win.dll
0x00007ff811410000 - 0x00007ff81150a000 	C:\WINDOWS\System32\ucrtbase.dll
0x00007ffff3480000 - 0x00007ffff3705000 	C:\WINDOWS\WinSxS\amd64_microsoft.windows.common-controls_6595b64144ccf1df_6.0.18362.778_none_e6c6b761130d4fb8\COMCTL32.dll
0x00007ff811db0000 - 0x00007ff8120e6000 	C:\WINDOWS\System32\combase.dll
0x00007ff811150000 - 0x00007ff8111d0000 	C:\WINDOWS\System32\bcryptPrimitives.dll
0x00007ff8129e0000 - 0x00007ff812a0e000 	C:\WINDOWS\System32\IMM32.DLL
0x0000000069590000 - 0x0000000069662000 	C:\Program Files\Java\jdk1.8.0_241\jre\bin\msvcr100.dll
0x0000000068ce0000 - 0x000000006958c000 	C:\Program Files\Java\jdk1.8.0_241\jre\bin\server\jvm.dll
0x00007ff813a80000 - 0x00007ff813a88000 	C:\WINDOWS\System32\PSAPI.DLL
0x00007ffff4ae0000 - 0x00007ffff4ae9000 	C:\WINDOWS\SYSTEM32\WSOCK32.dll
0x00007ff811d40000 - 0x00007ff811daf000 	C:\WINDOWS\System32\WS2_32.dll
0x00007ff80a740000 - 0x00007ff80a74a000 	C:\WINDOWS\SYSTEM32\VERSION.dll
0x00007ff807ae0000 - 0x00007ff807b04000 	C:\WINDOWS\SYSTEM32\WINMM.dll
0x00007ff807ab0000 - 0x00007ff807add000 	C:\WINDOWS\SYSTEM32\WINMMBASE.dll
0x00007ff810d90000 - 0x00007ff810dda000 	C:\WINDOWS\System32\cfgmgr32.dll
0x00007ff80b130000 - 0x00007ff80b13f000 	C:\Program Files\Java\jdk1.8.0_241\jre\bin\verify.dll
0x00007ff805730000 - 0x00007ff805759000 	C:\Program Files\Java\jdk1.8.0_241\jre\bin\java.dll
0x00007ff807e70000 - 0x00007ff807e86000 	C:\Program Files\Java\jdk1.8.0_241\jre\bin\zip.dll
0x00007ff813030000 - 0x00007ff813715000 	C:\WINDOWS\System32\SHELL32.dll
0x00007ff813930000 - 0x00007ff8139d9000 	C:\WINDOWS\System32\shcore.dll
0x00007ff811510000 - 0x00007ff811c90000 	C:\WINDOWS\System32\windows.storage.dll
0x00007ff810af0000 - 0x00007ff810b13000 	C:\WINDOWS\System32\profapi.dll
0x00007ff810b20000 - 0x00007ff810b6a000 	C:\WINDOWS\System32\powrprof.dll
0x00007ff810aa0000 - 0x00007ff810ab0000 	C:\WINDOWS\System32\UMPDC.dll
0x00007ff813730000 - 0x00007ff813782000 	C:\WINDOWS\System32\shlwapi.dll
0x00007ff810ad0000 - 0x00007ff810ae1000 	C:\WINDOWS\System32\kernel.appcore.dll
0x00007ff810cc0000 - 0x00007ff810cd7000 	C:\WINDOWS\System32\cryptsp.dll
0x00007fffd9ed0000 - 0x00007fffda06a000 	C:\Program Files\Java\jdk1.8.0_241\jre\bin\awt.dll
0x00007ff812a10000 - 0x00007ff812ad4000 	C:\WINDOWS\System32\OLEAUT32.dll
0x00007ff80e900000 - 0x00007ff80e98f000 	C:\WINDOWS\SYSTEM32\apphelp.dll
0x00007ff804e90000 - 0x00007ff804ec1000 	C:\Program Files\Java\jdk1.8.0_241\jre\bin\jpeg.dll

VM Arguments:
jvm_args: -Dfile.encoding=Cp1252 
java_command: projet_grp8.Main
java_class_path (initial): C:\Users\willy\git\Projet_Image_Grp8\bin
Launcher Type: SUN_STANDARD

Environment Variables:
JAVA_HOME=C:\Program Files\Java\jdk-12.0.2
PATH=C:/Program Files/Java/jre1.8.0_201/bin/server;C:/Program Files/Java/jre1.8.0_201/bin;C:/Program Files/Java/jre1.8.0_201/lib/amd64;C:\Program Files (x86)\Common Files\Oracle\Java\javapath;C:\WINDOWS\system32;C:\WINDOWS;C:\WINDOWS\System32\Wbem;C:\WINDOWS\System32\WindowsPowerShell\v1.0\;C:\WINDOWS\System32\OpenSSH\;C:\Program Files\Microsoft VS Code\bin;C:\MinGW64\bin;C:\Program Files\TortoiseSVN\bin;C:\Program Files (x86)\Intel\Intel(R) Management Engine Components\DAL;C:\Program Files\Intel\Intel(R) Management Engine Components\DAL;C:\Program Files\Intel\WiFi\bin\;C:\Program Files\Common Files\Intel\WirelessCommon\;C:\Program Files\nodejs\;C:\Mallet;C:\Program Files\MySQL\MySQL Shell 8.0\bin\;C:\Users\willy\AppData\Local\Microsoft\WindowsApps;C:\Program Files\Intel\WiFi\bin\;C:\Program Files\Common Files\Intel\WirelessCommon\;C:\Program Files\Microsoft VS Code\bin;C:\Users\willy\AppData\Roaming\Dashlane\5.15.1.22107\bin\Firefox_Extension\{442718d9-475e-452a-b3e1-fb1ee16b8e9f}\components;C:\Users\willy\AppData\Roaming\Dashlane\5.15.1.22107\ucrt;C:\Users\willy\AppData\Local\Microsoft\WindowsApps;C:\Users\willy\AppData\Roaming\npm;C:\Program Files\Java\jdk-12.0.2\bin;C:\Program Files\apache-maven-3.6.3\bin;C:\Mallet;;C:\WINDOWS\System32;
USERNAME=willy
OS=Windows_NT
PROCESSOR_IDENTIFIER=Intel64 Family 6 Model 78 Stepping 3, GenuineIntel



---------------  S Y S T E M  ---------------

OS: Windows 10.0 , 64 bit Build 18362 (10.0.18362.778)

CPU:total 4 (initial active 4) (2 cores per cpu, 2 threads per core) family 6 model 78 stepping 3, cmov, cx8, fxsr, mmx, sse, sse2, sse3, ssse3, sse4.1, sse4.2, popcnt, avx, avx2, aes, clmul, erms, rtm, 3dnowpref, lzcnt, ht, tsc, tscinvbit, bmi1, bmi2, adx

Memory: 4k page, physical 8260800k(597592k free), swap 33426624k(5684k free)

vm_info: Java HotSpot(TM) 64-Bit Server VM (25.241-b07) for windows-amd64 JRE (1.8.0_241-b07), built on Dec 11 2019 10:21:40 by "rejava" with MS VC++ 10.0 (VS2010)

time: Sat Apr 18 19:48:26 2020
timezone: Romance Daylight Time
elapsed time: 3 seconds (0d 0h 0m 3s)

